{"D:\\EduStream\\edu-stream\\backend\\middleware\\auth.js": {"path":"D:\\EduStream\\edu-stream\\backend\\middleware\\auth.js","statementMap":{"0":{"start":{"line":1,"column":12},"end":{"line":1,"column":35}},"1":{"start":{"line":2,"column":13},"end":{"line":2,"column":38}},"2":{"start":{"line":4,"column":21},"end":{"line":21,"column":1}},"3":{"start":{"line":5,"column":2},"end":{"line":20,"column":3}},"4":{"start":{"line":6,"column":19},"end":{"line":6,"column":44}},"5":{"start":{"line":7,"column":4},"end":{"line":9,"column":5}},"6":{"start":{"line":8,"column":6},"end":{"line":8,"column":68}},"7":{"start":{"line":10,"column":18},"end":{"line":10,"column":38}},"8":{"start":{"line":11,"column":20},"end":{"line":11,"column":61}},"9":{"start":{"line":12,"column":17},"end":{"line":12,"column":48}},"10":{"start":{"line":13,"column":4},"end":{"line":15,"column":5}},"11":{"start":{"line":14,"column":6},"end":{"line":14,"column":78}},"12":{"start":{"line":16,"column":4},"end":{"line":16,"column":20}},"13":{"start":{"line":17,"column":4},"end":{"line":17,"column":11}},"14":{"start":{"line":19,"column":4},"end":{"line":19,"column":62}},"15":{"start":{"line":23,"column":18},"end":{"line":30,"column":1}},"16":{"start":{"line":24,"column":2},"end":{"line":29,"column":4}},"17":{"start":{"line":25,"column":4},"end":{"line":27,"column":5}},"18":{"start":{"line":26,"column":6},"end":{"line":26,"column":89}},"19":{"start":{"line":28,"column":4},"end":{"line":28,"column":11}},"20":{"start":{"line":32,"column":18},"end":{"line":37,"column":1}},"21":{"start":{"line":33,"column":2},"end":{"line":35,"column":3}},"22":{"start":{"line":34,"column":4},"end":{"line":34,"column":70}},"23":{"start":{"line":36,"column":2},"end":{"line":36,"column":9}},"24":{"start":{"line":39,"column":0},"end":{"line":39,"column":56}}},"fnMap":{"0":{"name":"(anonymous_0)","decl":{"start":{"line":4,"column":21},"end":{"line":4,"column":22}},"loc":{"start":{"line":4,"column":47},"end":{"line":21,"column":1}},"line":4},"1":{"name":"(anonymous_1)","decl":{"start":{"line":23,"column":18},"end":{"line":23,"column":19}},"loc":{"start":{"line":23,"column":32},"end":{"line":30,"column":1}},"line":23},"2":{"name":"(anonymous_2)","decl":{"start":{"line":24,"column":9},"end":{"line":24,"column":10}},"loc":{"start":{"line":24,"column":29},"end":{"line":29,"column":3}},"line":24},"3":{"name":"(anonymous_3)","decl":{"start":{"line":32,"column":18},"end":{"line":32,"column":19}},"loc":{"start":{"line":32,"column":38},"end":{"line":37,"column":1}},"line":32}},"branchMap":{"0":{"loc":{"start":{"line":7,"column":4},"end":{"line":9,"column":5}},"type":"if","locations":[{"start":{"line":7,"column":4},"end":{"line":9,"column":5}},{"start":{},"end":{}}],"line":7},"1":{"loc":{"start":{"line":7,"column":8},"end":{"line":7,"column":48}},"type":"binary-expr","locations":[{"start":{"line":7,"column":8},"end":{"line":7,"column":15}},{"start":{"line":7,"column":19},"end":{"line":7,"column":48}}],"line":7},"2":{"loc":{"start":{"line":13,"column":4},"end":{"line":15,"column":5}},"type":"if","locations":[{"start":{"line":13,"column":4},"end":{"line":15,"column":5}},{"start":{},"end":{}}],"line":13},"3":{"loc":{"start":{"line":13,"column":8},"end":{"line":13,"column":52}},"type":"binary-expr","locations":[{"start":{"line":13,"column":8},"end":{"line":13,"column":13}},{"start":{"line":13,"column":17},"end":{"line":13,"column":52}}],"line":13},"4":{"loc":{"start":{"line":25,"column":4},"end":{"line":27,"column":5}},"type":"if","locations":[{"start":{"line":25,"column":4},"end":{"line":27,"column":5}},{"start":{},"end":{}}],"line":25},"5":{"loc":{"start":{"line":33,"column":2},"end":{"line":35,"column":3}},"type":"if","locations":[{"start":{"line":33,"column":2},"end":{"line":35,"column":3}},{"start":{},"end":{}}],"line":33}},"s":{"0":0,"1":0,"2":0,"3":0,"4":0,"5":0,"6":0,"7":0,"8":0,"9":0,"10":0,"11":0,"12":0,"13":0,"14":0,"15":0,"16":0,"17":0,"18":0,"19":0,"20":0,"21":0,"22":0,"23":0,"24":0},"f":{"0":0,"1":0,"2":0,"3":0},"b":{"0":[0,0],"1":[0,0],"2":[0,0],"3":[0,0],"4":[0,0],"5":[0,0]}}
,"D:\\EduStream\\edu-stream\\backend\\models\\AISummary.js": {"path":"D:\\EduStream\\edu-stream\\backend\\models\\AISummary.js","statementMap":{"0":{"start":{"line":1,"column":17},"end":{"line":1,"column":36}},"1":{"start":{"line":3,"column":24},"end":{"line":17,"column":65}},"2":{"start":{"line":19,"column":0},"end":{"line":19,"column":65}},"3":{"start":{"line":21,"column":0},"end":{"line":21,"column":62}}},"fnMap":{},"branchMap":{},"s":{"0":0,"1":0,"2":0,"3":0},"f":{},"b":{}}
,"D:\\EduStream\\edu-stream\\backend\\models\\Assignment.js": {"path":"D:\\EduStream\\edu-stream\\backend\\models\\Assignment.js","statementMap":{"0":{"start":{"line":1,"column":17},"end":{"line":1,"column":36}},"1":{"start":{"line":3,"column":25},"end":{"line":9,"column":72}},"2":{"start":{"line":11,"column":0},"end":{"line":11,"column":64}}},"fnMap":{},"branchMap":{},"s":{"0":0,"1":0,"2":0},"f":{},"b":{}}
,"D:\\EduStream\\edu-stream\\backend\\models\\AuditLog.js": {"path":"D:\\EduStream\\edu-stream\\backend\\models\\AuditLog.js","statementMap":{"0":{"start":{"line":1,"column":17},"end":{"line":1,"column":36}},"1":{"start":{"line":3,"column":23},"end":{"line":11,"column":2}},"2":{"start":{"line":13,"column":0},"end":{"line":13,"column":60}}},"fnMap":{},"branchMap":{},"s":{"0":0,"1":0,"2":0},"f":{},"b":{}}
,"D:\\EduStream\\edu-stream\\backend\\models\\Course.js": {"path":"D:\\EduStream\\edu-stream\\backend\\models\\Course.js","statementMap":{"0":{"start":{"line":1,"column":17},"end":{"line":1,"column":36}},"1":{"start":{"line":3,"column":21},"end":{"line":14,"column":72}},"2":{"start":{"line":16,"column":0},"end":{"line":16,"column":48}},"3":{"start":{"line":18,"column":0},"end":{"line":18,"column":56}}},"fnMap":{},"branchMap":{},"s":{"0":0,"1":0,"2":0,"3":0},"f":{},"b":{}}
,"D:\\EduStream\\edu-stream\\backend\\models\\CourseResource.js": {"path":"D:\\EduStream\\edu-stream\\backend\\models\\CourseResource.js","statementMap":{"0":{"start":{"line":1,"column":17},"end":{"line":1,"column":36}},"1":{"start":{"line":3,"column":29},"end":{"line":13,"column":72}},"2":{"start":{"line":15,"column":0},"end":{"line":15,"column":72}}},"fnMap":{},"branchMap":{},"s":{"0":0,"1":0,"2":0},"f":{},"b":{}}
,"D:\\EduStream\\edu-stream\\backend\\models\\Enrollment.js": {"path":"D:\\EduStream\\edu-stream\\backend\\models\\Enrollment.js","statementMap":{"0":{"start":{"line":1,"column":17},"end":{"line":1,"column":36}},"1":{"start":{"line":3,"column":25},"end":{"line":10,"column":72}},"2":{"start":{"line":12,"column":0},"end":{"line":12,"column":74}},"3":{"start":{"line":14,"column":0},"end":{"line":14,"column":64}}},"fnMap":{},"branchMap":{},"s":{"0":0,"1":0,"2":0,"3":0},"f":{},"b":{}}
,"D:\\EduStream\\edu-stream\\backend\\models\\ForumReply.js": {"path":"D:\\EduStream\\edu-stream\\backend\\models\\ForumReply.js","statementMap":{"0":{"start":{"line":1,"column":17},"end":{"line":1,"column":36}},"1":{"start":{"line":3,"column":25},"end":{"line":10,"column":65}},"2":{"start":{"line":12,"column":0},"end":{"line":12,"column":56}},"3":{"start":{"line":14,"column":0},"end":{"line":14,"column":64}}},"fnMap":{},"branchMap":{},"s":{"0":0,"1":0,"2":0,"3":0},"f":{},"b":{}}
,"D:\\EduStream\\edu-stream\\backend\\models\\ForumThread.js": {"path":"D:\\EduStream\\edu-stream\\backend\\models\\ForumThread.js","statementMap":{"0":{"start":{"line":1,"column":17},"end":{"line":1,"column":36}},"1":{"start":{"line":3,"column":26},"end":{"line":18,"column":72}},"2":{"start":{"line":20,"column":0},"end":{"line":20,"column":55}},"3":{"start":{"line":22,"column":0},"end":{"line":22,"column":66}}},"fnMap":{},"branchMap":{},"s":{"0":0,"1":0,"2":0,"3":0},"f":{},"b":{}}
,"D:\\EduStream\\edu-stream\\backend\\models\\Milestone.js": {"path":"D:\\EduStream\\edu-stream\\backend\\models\\Milestone.js","statementMap":{"0":{"start":{"line":1,"column":17},"end":{"line":1,"column":36}},"1":{"start":{"line":3,"column":24},"end":{"line":11,"column":72}},"2":{"start":{"line":13,"column":0},"end":{"line":13,"column":62}}},"fnMap":{},"branchMap":{},"s":{"0":0,"1":0,"2":0},"f":{},"b":{}}
,"D:\\EduStream\\edu-stream\\backend\\models\\Notification.js": {"path":"D:\\EduStream\\edu-stream\\backend\\models\\Notification.js","statementMap":{"0":{"start":{"line":1,"column":17},"end":{"line":1,"column":36}},"1":{"start":{"line":3,"column":27},"end":{"line":12,"column":65}},"2":{"start":{"line":14,"column":0},"end":{"line":14,"column":69}},"3":{"start":{"line":16,"column":0},"end":{"line":16,"column":68}}},"fnMap":{},"branchMap":{},"s":{"0":0,"1":0,"2":0,"3":0},"f":{},"b":{}}
,"D:\\EduStream\\edu-stream\\backend\\models\\Quiz.js": {"path":"D:\\EduStream\\edu-stream\\backend\\models\\Quiz.js","statementMap":{"0":{"start":{"line":1,"column":17},"end":{"line":1,"column":36}},"1":{"start":{"line":3,"column":23},"end":{"line":8,"column":17}},"2":{"start":{"line":10,"column":19},"end":{"line":17,"column":72}},"3":{"start":{"line":19,"column":0},"end":{"line":19,"column":52}}},"fnMap":{},"branchMap":{},"s":{"0":0,"1":0,"2":0,"3":0},"f":{},"b":{}}
,"D:\\EduStream\\edu-stream\\backend\\models\\Resource.js": {"path":"D:\\EduStream\\edu-stream\\backend\\models\\Resource.js","statementMap":{"0":{"start":{"line":1,"column":17},"end":{"line":1,"column":36}},"1":{"start":{"line":3,"column":23},"end":{"line":21,"column":72}},"2":{"start":{"line":23,"column":0},"end":{"line":23,"column":60}}},"fnMap":{},"branchMap":{},"s":{"0":0,"1":0,"2":0},"f":{},"b":{}}
,"D:\\EduStream\\edu-stream\\backend\\models\\ResourceAccessLog.js": {"path":"D:\\EduStream\\edu-stream\\backend\\models\\ResourceAccessLog.js","statementMap":{"0":{"start":{"line":1,"column":17},"end":{"line":1,"column":36}},"1":{"start":{"line":3,"column":32},"end":{"line":8,"column":2}},"2":{"start":{"line":10,"column":0},"end":{"line":10,"column":78}}},"fnMap":{},"branchMap":{},"s":{"0":0,"1":0,"2":0},"f":{},"b":{}}
,"D:\\EduStream\\edu-stream\\backend\\models\\Submission.js": {"path":"D:\\EduStream\\edu-stream\\backend\\models\\Submission.js","statementMap":{"0":{"start":{"line":1,"column":17},"end":{"line":1,"column":36}},"1":{"start":{"line":3,"column":25},"end":{"line":11,"column":72}},"2":{"start":{"line":13,"column":0},"end":{"line":13,"column":78}},"3":{"start":{"line":15,"column":0},"end":{"line":15,"column":64}}},"fnMap":{},"branchMap":{},"s":{"0":0,"1":0,"2":0,"3":0},"f":{},"b":{}}
,"D:\\EduStream\\edu-stream\\backend\\models\\User.js": {"path":"D:\\EduStream\\edu-stream\\backend\\models\\User.js","statementMap":{"0":{"start":{"line":1,"column":17},"end":{"line":1,"column":36}},"1":{"start":{"line":2,"column":15},"end":{"line":2,"column":34}},"2":{"start":{"line":4,"column":19},"end":{"line":28,"column":72}},"3":{"start":{"line":30,"column":0},"end":{"line":34,"column":3}},"4":{"start":{"line":31,"column":2},"end":{"line":31,"column":48}},"5":{"start":{"line":31,"column":41},"end":{"line":31,"column":48}},"6":{"start":{"line":32,"column":15},"end":{"line":32,"column":39}},"7":{"start":{"line":33,"column":2},"end":{"line":33,"column":67}},"8":{"start":{"line":36,"column":0},"end":{"line":38,"column":2}},"9":{"start":{"line":37,"column":2},"end":{"line":37,"column":63}},"10":{"start":{"line":40,"column":0},"end":{"line":44,"column":2}},"11":{"start":{"line":41,"column":14},"end":{"line":41,"column":29}},"12":{"start":{"line":42,"column":2},"end":{"line":42,"column":27}},"13":{"start":{"line":43,"column":2},"end":{"line":43,"column":13}},"14":{"start":{"line":46,"column":0},"end":{"line":46,"column":52}}},"fnMap":{"0":{"name":"(anonymous_0)","decl":{"start":{"line":30,"column":23},"end":{"line":30,"column":24}},"loc":{"start":{"line":30,"column":40},"end":{"line":34,"column":1}},"line":30},"1":{"name":"(anonymous_1)","decl":{"start":{"line":36,"column":37},"end":{"line":36,"column":38}},"loc":{"start":{"line":36,"column":71},"end":{"line":38,"column":1}},"line":36},"2":{"name":"(anonymous_2)","decl":{"start":{"line":40,"column":28},"end":{"line":40,"column":29}},"loc":{"start":{"line":40,"column":39},"end":{"line":44,"column":1}},"line":40}},"branchMap":{"0":{"loc":{"start":{"line":31,"column":2},"end":{"line":31,"column":48}},"type":"if","locations":[{"start":{"line":31,"column":2},"end":{"line":31,"column":48}},{"start":{},"end":{}}],"line":31}},"s":{"0":1,"1":1,"2":1,"3":1,"4":0,"5":0,"6":0,"7":0,"8":1,"9":0,"10":1,"11":0,"12":0,"13":0,"14":1},"f":{"0":0,"1":0,"2":0},"b":{"0":[0,0]},"_coverageSchema":"1a1c01bbd47fc00a2c39e90264f33305004495a9","hash":"6b55fc5c0678e81316bb7782096450af4a860683"}
,"D:\\EduStream\\edu-stream\\backend\\routes\\ai.js": {"path":"D:\\EduStream\\edu-stream\\backend\\routes\\ai.js","statementMap":{"0":{"start":{"line":1,"column":16},"end":{"line":1,"column":34}},"1":{"start":{"line":2,"column":18},"end":{"line":2,"column":48}},"2":{"start":{"line":3,"column":17},"end":{"line":3,"column":46}},"3":{"start":{"line":4,"column":36},"end":{"line":4,"column":65}},"4":{"start":{"line":5,"column":72},"end":{"line":5,"column":101}},"5":{"start":{"line":7,"column":15},"end":{"line":7,"column":31}},"6":{"start":{"line":29,"column":0},"end":{"line":45,"column":3}},"7":{"start":{"line":30,"column":2},"end":{"line":44,"column":3}},"8":{"start":{"line":31,"column":38},"end":{"line":31,"column":46}},"9":{"start":{"line":32,"column":4},"end":{"line":32,"column":113}},"10":{"start":{"line":32,"column":35},"end":{"line":32,"column":113}},"11":{"start":{"line":33,"column":23},"end":{"line":33,"column":67}},"12":{"start":{"line":34,"column":19},"end":{"line":40,"column":6}},"13":{"start":{"line":41,"column":4},"end":{"line":41,"column":21}},"14":{"start":{"line":43,"column":4},"end":{"line":43,"column":53}},"15":{"start":{"line":67,"column":0},"end":{"line":85,"column":3}},"16":{"start":{"line":68,"column":2},"end":{"line":84,"column":3}},"17":{"start":{"line":69,"column":34},"end":{"line":69,"column":42}},"18":{"start":{"line":70,"column":19},"end":{"line":70,"column":48}},"19":{"start":{"line":71,"column":19},"end":{"line":80,"column":6}},"20":{"start":{"line":81,"column":4},"end":{"line":81,"column":21}},"21":{"start":{"line":83,"column":4},"end":{"line":83,"column":53}},"22":{"start":{"line":87,"column":0},"end":{"line":100,"column":3}},"23":{"start":{"line":88,"column":2},"end":{"line":99,"column":3}},"24":{"start":{"line":89,"column":28},"end":{"line":89,"column":36}},"25":{"start":{"line":90,"column":21},"end":{"line":90,"column":57}},"26":{"start":{"line":91,"column":4},"end":{"line":91,"column":82}},"27":{"start":{"line":91,"column":19},"end":{"line":91,"column":82}},"28":{"start":{"line":92,"column":17},"end":{"line":92,"column":72}},"29":{"start":{"line":93,"column":4},"end":{"line":93,"column":38}},"30":{"start":{"line":94,"column":4},"end":{"line":94,"column":38}},"31":{"start":{"line":95,"column":4},"end":{"line":95,"column":26}},"32":{"start":{"line":96,"column":4},"end":{"line":96,"column":23}},"33":{"start":{"line":98,"column":4},"end":{"line":98,"column":53}},"34":{"start":{"line":102,"column":0},"end":{"line":110,"column":3}},"35":{"start":{"line":103,"column":2},"end":{"line":109,"column":3}},"36":{"start":{"line":104,"column":28},"end":{"line":104,"column":36}},"37":{"start":{"line":105,"column":21},"end":{"line":105,"column":143}},"38":{"start":{"line":106,"column":4},"end":{"line":106,"column":23}},"39":{"start":{"line":108,"column":4},"end":{"line":108,"column":53}},"40":{"start":{"line":112,"column":0},"end":{"line":121,"column":3}},"41":{"start":{"line":113,"column":2},"end":{"line":120,"column":3}},"42":{"start":{"line":114,"column":33},"end":{"line":114,"column":41}},"43":{"start":{"line":115,"column":4},"end":{"line":115,"column":79}},"44":{"start":{"line":115,"column":18},"end":{"line":115,"column":79}},"45":{"start":{"line":116,"column":18},"end":{"line":116,"column":58}},"46":{"start":{"line":117,"column":4},"end":{"line":117,"column":24}},"47":{"start":{"line":119,"column":4},"end":{"line":119,"column":53}},"48":{"start":{"line":123,"column":0},"end":{"line":151,"column":3}},"49":{"start":{"line":124,"column":2},"end":{"line":150,"column":3}},"50":{"start":{"line":125,"column":17},"end":{"line":125,"column":47}},"51":{"start":{"line":126,"column":18},"end":{"line":126,"column":28}},"52":{"start":{"line":127,"column":4},"end":{"line":127,"column":42}},"53":{"start":{"line":128,"column":18},"end":{"line":132,"column":6}},"54":{"start":{"line":133,"column":19},"end":{"line":136,"column":6}},"55":{"start":{"line":137,"column":18},"end":{"line":137,"column":81}},"56":{"start":{"line":138,"column":19},"end":{"line":146,"column":6}},"57":{"start":{"line":147,"column":4},"end":{"line":147,"column":47}},"58":{"start":{"line":149,"column":4},"end":{"line":149,"column":53}},"59":{"start":{"line":153,"column":0},"end":{"line":165,"column":3}},"60":{"start":{"line":154,"column":2},"end":{"line":164,"column":3}},"61":{"start":{"line":155,"column":19},"end":{"line":155,"column":55}},"62":{"start":{"line":156,"column":4},"end":{"line":156,"column":96}},"63":{"start":{"line":156,"column":63},"end":{"line":156,"column":96}},"64":{"start":{"line":157,"column":22},"end":{"line":157,"column":85}},"65":{"start":{"line":158,"column":18},"end":{"line":160,"column":13}},"66":{"start":{"line":161,"column":4},"end":{"line":161,"column":35}},"67":{"start":{"line":163,"column":4},"end":{"line":163,"column":53}},"68":{"start":{"line":167,"column":0},"end":{"line":167,"column":24}}},"fnMap":{"0":{"name":"(anonymous_0)","decl":{"start":{"line":29,"column":40},"end":{"line":29,"column":41}},"loc":{"start":{"line":29,"column":60},"end":{"line":45,"column":1}},"line":29},"1":{"name":"(anonymous_1)","decl":{"start":{"line":67,"column":40},"end":{"line":67,"column":41}},"loc":{"start":{"line":67,"column":60},"end":{"line":85,"column":1}},"line":67},"2":{"name":"(anonymous_2)","decl":{"start":{"line":87,"column":73},"end":{"line":87,"column":74}},"loc":{"start":{"line":87,"column":93},"end":{"line":100,"column":1}},"line":87},"3":{"name":"(anonymous_3)","decl":{"start":{"line":102,"column":73},"end":{"line":102,"column":74}},"loc":{"start":{"line":102,"column":93},"end":{"line":110,"column":1}},"line":102},"4":{"name":"(anonymous_4)","decl":{"start":{"line":112,"column":35},"end":{"line":112,"column":36}},"loc":{"start":{"line":112,"column":55},"end":{"line":121,"column":1}},"line":112},"5":{"name":"(anonymous_5)","decl":{"start":{"line":123,"column":65},"end":{"line":123,"column":66}},"loc":{"start":{"line":123,"column":85},"end":{"line":151,"column":1}},"line":123},"6":{"name":"(anonymous_6)","decl":{"start":{"line":153,"column":39},"end":{"line":153,"column":40}},"loc":{"start":{"line":153,"column":59},"end":{"line":165,"column":1}},"line":153}},"branchMap":{"0":{"loc":{"start":{"line":32,"column":4},"end":{"line":32,"column":113}},"type":"if","locations":[{"start":{"line":32,"column":4},"end":{"line":32,"column":113}},{"start":{},"end":{}}],"line":32},"1":{"loc":{"start":{"line":32,"column":8},"end":{"line":32,"column":33}},"type":"binary-expr","locations":[{"start":{"line":32,"column":8},"end":{"line":32,"column":13}},{"start":{"line":32,"column":17},"end":{"line":32,"column":33}}],"line":32},"2":{"loc":{"start":{"line":38,"column":25},"end":{"line":38,"column":57}},"type":"binary-expr","locations":[{"start":{"line":38,"column":25},"end":{"line":38,"column":49}},{"start":{"line":38,"column":53},"end":{"line":38,"column":57}}],"line":38},"3":{"loc":{"start":{"line":72,"column":19},"end":{"line":72,"column":43}},"type":"binary-expr","locations":[{"start":{"line":72,"column":19},"end":{"line":72,"column":30}},{"start":{"line":72,"column":34},"end":{"line":72,"column":43}}],"line":72},"4":{"loc":{"start":{"line":77,"column":21},"end":{"line":77,"column":47}},"type":"binary-expr","locations":[{"start":{"line":77,"column":21},"end":{"line":77,"column":41}},{"start":{"line":77,"column":45},"end":{"line":77,"column":47}}],"line":77},"5":{"loc":{"start":{"line":78,"column":24},"end":{"line":78,"column":53}},"type":"binary-expr","locations":[{"start":{"line":78,"column":24},"end":{"line":78,"column":47}},{"start":{"line":78,"column":51},"end":{"line":78,"column":53}}],"line":78},"6":{"loc":{"start":{"line":79,"column":21},"end":{"line":79,"column":47}},"type":"binary-expr","locations":[{"start":{"line":79,"column":21},"end":{"line":79,"column":41}},{"start":{"line":79,"column":45},"end":{"line":79,"column":47}}],"line":79},"7":{"loc":{"start":{"line":91,"column":4},"end":{"line":91,"column":82}},"type":"if","locations":[{"start":{"line":91,"column":4},"end":{"line":91,"column":82}},{"start":{},"end":{}}],"line":91},"8":{"loc":{"start":{"line":115,"column":4},"end":{"line":115,"column":79}},"type":"if","locations":[{"start":{"line":115,"column":4},"end":{"line":115,"column":79}},{"start":{},"end":{}}],"line":115},"9":{"loc":{"start":{"line":116,"column":44},"end":{"line":116,"column":57}},"type":"binary-expr","locations":[{"start":{"line":116,"column":44},"end":{"line":116,"column":51}},{"start":{"line":116,"column":55},"end":{"line":116,"column":57}}],"line":116},"10":{"loc":{"start":{"line":125,"column":17},"end":{"line":125,"column":47}},"type":"binary-expr","locations":[{"start":{"line":125,"column":17},"end":{"line":125,"column":41}},{"start":{"line":125,"column":45},"end":{"line":125,"column":47}}],"line":125},"11":{"loc":{"start":{"line":156,"column":4},"end":{"line":156,"column":96}},"type":"if","locations":[{"start":{"line":156,"column":4},"end":{"line":156,"column":96}},{"start":{},"end":{}}],"line":156},"12":{"loc":{"start":{"line":156,"column":8},"end":{"line":156,"column":61}},"type":"binary-expr","locations":[{"start":{"line":156,"column":8},"end":{"line":156,"column":33}},{"start":{"line":156,"column":37},"end":{"line":156,"column":61}}],"line":156},"13":{"loc":{"start":{"line":158,"column":18},"end":{"line":160,"column":13}},"type":"cond-expr","locations":[{"start":{"line":158,"column":46},"end":{"line":160,"column":6}},{"start":{"line":160,"column":9},"end":{"line":160,"column":13}}],"line":158}},"s":{"0":0,"1":0,"2":0,"3":0,"4":0,"5":0,"6":0,"7":0,"8":0,"9":0,"10":0,"11":0,"12":0,"13":0,"14":0,"15":0,"16":0,"17":0,"18":0,"19":0,"20":0,"21":0,"22":0,"23":0,"24":0,"25":0,"26":0,"27":0,"28":0,"29":0,"30":0,"31":0,"32":0,"33":0,"34":0,"35":0,"36":0,"37":0,"38":0,"39":0,"40":0,"41":0,"42":0,"43":0,"44":0,"45":0,"46":0,"47":0,"48":0,"49":0,"50":0,"51":0,"52":0,"53":0,"54":0,"55":0,"56":0,"57":0,"58":0,"59":0,"60":0,"61":0,"62":0,"63":0,"64":0,"65":0,"66":0,"67":0,"68":0},"f":{"0":0,"1":0,"2":0,"3":0,"4":0,"5":0,"6":0},"b":{"0":[0,0],"1":[0,0],"2":[0,0],"3":[0,0],"4":[0,0],"5":[0,0],"6":[0,0],"7":[0,0],"8":[0,0],"9":[0,0],"10":[0,0],"11":[0,0],"12":[0,0],"13":[0,0]}}
,"D:\\EduStream\\edu-stream\\backend\\routes\\audit.js": {"path":"D:\\EduStream\\edu-stream\\backend\\routes\\audit.js","statementMap":{"0":{"start":{"line":1,"column":16},"end":{"line":1,"column":34}},"1":{"start":{"line":2,"column":17},"end":{"line":2,"column":46}},"2":{"start":{"line":3,"column":36},"end":{"line":3,"column":65}},"3":{"start":{"line":5,"column":15},"end":{"line":5,"column":31}},"4":{"start":{"line":7,"column":0},"end":{"line":15,"column":3}},"5":{"start":{"line":8,"column":2},"end":{"line":14,"column":3}},"6":{"start":{"line":9,"column":28},"end":{"line":9,"column":37}},"7":{"start":{"line":10,"column":17},"end":{"line":10,"column":123}},"8":{"start":{"line":11,"column":4},"end":{"line":11,"column":19}},"9":{"start":{"line":13,"column":4},"end":{"line":13,"column":53}},"10":{"start":{"line":17,"column":0},"end":{"line":17,"column":24}}},"fnMap":{"0":{"name":"(anonymous_0)","decl":{"start":{"line":7,"column":41},"end":{"line":7,"column":42}},"loc":{"start":{"line":7,"column":61},"end":{"line":15,"column":1}},"line":7}},"branchMap":{"0":{"loc":{"start":{"line":9,"column":12},"end":{"line":9,"column":23}},"type":"default-arg","locations":[{"start":{"line":9,"column":20},"end":{"line":9,"column":23}}],"line":9}},"s":{"0":0,"1":0,"2":0,"3":0,"4":0,"5":0,"6":0,"7":0,"8":0,"9":0,"10":0},"f":{"0":0},"b":{"0":[0]}}
,"D:\\EduStream\\edu-stream\\backend\\routes\\auth.js": {"path":"D:\\EduStream\\edu-stream\\backend\\routes\\auth.js","statementMap":{"0":{"start":{"line":1,"column":15},"end":{"line":1,"column":32}},"1":{"start":{"line":2,"column":16},"end":{"line":2,"column":34}},"2":{"start":{"line":3,"column":12},"end":{"line":3,"column":35}},"3":{"start":{"line":4,"column":13},"end":{"line":4,"column":38}},"4":{"start":{"line":5,"column":17},"end":{"line":5,"column":46}},"5":{"start":{"line":6,"column":25},"end":{"line":6,"column":54}},"6":{"start":{"line":7,"column":35},"end":{"line":7,"column":63}},"7":{"start":{"line":9,"column":15},"end":{"line":9,"column":31}},"8":{"start":{"line":11,"column":28},"end":{"line":11,"column":110}},"9":{"start":{"line":14,"column":17},"end":{"line":14,"column":68}},"10":{"start":{"line":15,"column":2},"end":{"line":15,"column":45}},"11":{"start":{"line":19,"column":2},"end":{"line":21,"column":30}},"12":{"start":{"line":20,"column":4},"end":{"line":20,"column":97}},"13":{"start":{"line":48,"column":0},"end":{"line":71,"column":3}},"14":{"start":{"line":49,"column":2},"end":{"line":70,"column":3}},"15":{"start":{"line":50,"column":57},"end":{"line":50,"column":65}},"16":{"start":{"line":51,"column":19},"end":{"line":51,"column":48}},"17":{"start":{"line":52,"column":4},"end":{"line":52,"column":85}},"18":{"start":{"line":52,"column":16},"end":{"line":52,"column":85}},"19":{"start":{"line":54,"column":4},"end":{"line":56,"column":5}},"20":{"start":{"line":55,"column":6},"end":{"line":55,"column":152}},"21":{"start":{"line":58,"column":21},"end":{"line":58,"column":86}},"22":{"start":{"line":59,"column":4},"end":{"line":62,"column":5}},"23":{"start":{"line":60,"column":6},"end":{"line":60,"column":64}},"24":{"start":{"line":61,"column":6},"end":{"line":61,"column":47}},"25":{"start":{"line":64,"column":17},"end":{"line":64,"column":44}},"26":{"start":{"line":65,"column":18},"end":{"line":65,"column":133}},"27":{"start":{"line":66,"column":4},"end":{"line":66,"column":74}},"28":{"start":{"line":67,"column":4},"end":{"line":67,"column":42}},"29":{"start":{"line":69,"column":4},"end":{"line":69,"column":53}},"30":{"start":{"line":95,"column":0},"end":{"line":122,"column":3}},"31":{"start":{"line":96,"column":2},"end":{"line":121,"column":3}},"32":{"start":{"line":97,"column":32},"end":{"line":97,"column":40}},"33":{"start":{"line":98,"column":17},"end":{"line":98,"column":71}},"34":{"start":{"line":99,"column":4},"end":{"line":102,"column":5}},"35":{"start":{"line":100,"column":6},"end":{"line":100,"column":85}},"36":{"start":{"line":101,"column":6},"end":{"line":101,"column":70}},"37":{"start":{"line":103,"column":4},"end":{"line":106,"column":5}},"38":{"start":{"line":104,"column":6},"end":{"line":104,"column":91}},"39":{"start":{"line":105,"column":6},"end":{"line":105,"column":68}},"40":{"start":{"line":107,"column":4},"end":{"line":107,"column":189}},"41":{"start":{"line":107,"column":68},"end":{"line":107,"column":189}},"42":{"start":{"line":108,"column":4},"end":{"line":108,"column":193}},"43":{"start":{"line":108,"column":69},"end":{"line":108,"column":193}},"44":{"start":{"line":109,"column":20},"end":{"line":109,"column":56}},"45":{"start":{"line":110,"column":4},"end":{"line":113,"column":5}},"46":{"start":{"line":111,"column":6},"end":{"line":111,"column":96}},"47":{"start":{"line":112,"column":6},"end":{"line":112,"column":70}},"48":{"start":{"line":114,"column":4},"end":{"line":114,"column":33}},"49":{"start":{"line":115,"column":4},"end":{"line":115,"column":22}},"50":{"start":{"line":116,"column":18},"end":{"line":116,"column":133}},"51":{"start":{"line":117,"column":4},"end":{"line":117,"column":69}},"52":{"start":{"line":118,"column":4},"end":{"line":118,"column":30}},"53":{"start":{"line":120,"column":4},"end":{"line":120,"column":53}},"54":{"start":{"line":143,"column":0},"end":{"line":167,"column":3}},"55":{"start":{"line":144,"column":2},"end":{"line":166,"column":3}},"56":{"start":{"line":145,"column":22},"end":{"line":145,"column":30}},"57":{"start":{"line":146,"column":4},"end":{"line":146,"column":78}},"58":{"start":{"line":146,"column":16},"end":{"line":146,"column":78}},"59":{"start":{"line":148,"column":17},"end":{"line":148,"column":46}},"60":{"start":{"line":149,"column":4},"end":{"line":149,"column":93}},"61":{"start":{"line":149,"column":15},"end":{"line":149,"column":93}},"62":{"start":{"line":151,"column":21},"end":{"line":151,"column":59}},"63":{"start":{"line":152,"column":24},"end":{"line":152,"column":82}},"64":{"start":{"line":154,"column":4},"end":{"line":154,"column":44}},"65":{"start":{"line":155,"column":4},"end":{"line":155,"column":72}},"66":{"start":{"line":156,"column":4},"end":{"line":156,"column":22}},"67":{"start":{"line":158,"column":21},"end":{"line":158,"column":42}},"68":{"start":{"line":159,"column":4},"end":{"line":159,"column":50}},"69":{"start":{"line":161,"column":4},"end":{"line":161,"column":80}},"70":{"start":{"line":163,"column":4},"end":{"line":163,"column":86}},"71":{"start":{"line":165,"column":4},"end":{"line":165,"column":53}},"72":{"start":{"line":169,"column":0},"end":{"line":200,"column":3}},"73":{"start":{"line":170,"column":2},"end":{"line":199,"column":3}},"74":{"start":{"line":171,"column":22},"end":{"line":171,"column":32}},"75":{"start":{"line":172,"column":25},"end":{"line":172,"column":33}},"76":{"start":{"line":174,"column":4},"end":{"line":176,"column":5}},"77":{"start":{"line":175,"column":6},"end":{"line":175,"column":89}},"78":{"start":{"line":177,"column":4},"end":{"line":179,"column":5}},"79":{"start":{"line":178,"column":6},"end":{"line":178,"column":152}},"80":{"start":{"line":181,"column":24},"end":{"line":181,"column":79}},"81":{"start":{"line":182,"column":17},"end":{"line":185,"column":6}},"82":{"start":{"line":187,"column":4},"end":{"line":187,"column":90}},"83":{"start":{"line":187,"column":15},"end":{"line":187,"column":90}},"84":{"start":{"line":189,"column":4},"end":{"line":189,"column":34}},"85":{"start":{"line":190,"column":4},"end":{"line":190,"column":42}},"86":{"start":{"line":191,"column":4},"end":{"line":191,"column":44}},"87":{"start":{"line":192,"column":4},"end":{"line":192,"column":22}},"88":{"start":{"line":194,"column":4},"end":{"line":194,"column":92}},"89":{"start":{"line":196,"column":4},"end":{"line":196,"column":80}},"90":{"start":{"line":198,"column":4},"end":{"line":198,"column":53}},"91":{"start":{"line":202,"column":0},"end":{"line":204,"column":3}},"92":{"start":{"line":203,"column":2},"end":{"line":203,"column":21}},"93":{"start":{"line":206,"column":0},"end":{"line":206,"column":24}}},"fnMap":{"0":{"name":"getResetUrl","decl":{"start":{"line":13,"column":9},"end":{"line":13,"column":20}},"loc":{"start":{"line":13,"column":28},"end":{"line":16,"column":1}},"line":13},"1":{"name":"logAuthEvent","decl":{"start":{"line":18,"column":15},"end":{"line":18,"column":27}},"loc":{"start":{"line":18,"column":72},"end":{"line":22,"column":1}},"line":18},"2":{"name":"(anonymous_2)","decl":{"start":{"line":48,"column":25},"end":{"line":48,"column":26}},"loc":{"start":{"line":48,"column":45},"end":{"line":71,"column":1}},"line":48},"3":{"name":"(anonymous_3)","decl":{"start":{"line":95,"column":22},"end":{"line":95,"column":23}},"loc":{"start":{"line":95,"column":42},"end":{"line":122,"column":1}},"line":95},"4":{"name":"(anonymous_4)","decl":{"start":{"line":143,"column":32},"end":{"line":143,"column":33}},"loc":{"start":{"line":143,"column":52},"end":{"line":167,"column":1}},"line":143},"5":{"name":"(anonymous_5)","decl":{"start":{"line":169,"column":38},"end":{"line":169,"column":39}},"loc":{"start":{"line":169,"column":58},"end":{"line":200,"column":1}},"line":169},"6":{"name":"(anonymous_6)","decl":{"start":{"line":202,"column":32},"end":{"line":202,"column":33}},"loc":{"start":{"line":202,"column":52},"end":{"line":204,"column":1}},"line":202}},"branchMap":{"0":{"loc":{"start":{"line":14,"column":17},"end":{"line":14,"column":68}},"type":"binary-expr","locations":[{"start":{"line":14,"column":17},"end":{"line":14,"column":41}},{"start":{"line":14,"column":45},"end":{"line":14,"column":68}}],"line":14},"1":{"loc":{"start":{"line":52,"column":4},"end":{"line":52,"column":85}},"type":"if","locations":[{"start":{"line":52,"column":4},"end":{"line":52,"column":85}},{"start":{},"end":{}}],"line":52},"2":{"loc":{"start":{"line":54,"column":4},"end":{"line":56,"column":5}},"type":"if","locations":[{"start":{"line":54,"column":4},"end":{"line":56,"column":5}},{"start":{},"end":{}}],"line":54},"3":{"loc":{"start":{"line":54,"column":8},"end":{"line":54,"column":63}},"type":"binary-expr","locations":[{"start":{"line":54,"column":8},"end":{"line":54,"column":24}},{"start":{"line":54,"column":28},"end":{"line":54,"column":63}}],"line":54},"4":{"loc":{"start":{"line":58,"column":67},"end":{"line":58,"column":84}},"type":"binary-expr","locations":[{"start":{"line":58,"column":67},"end":{"line":58,"column":71}},{"start":{"line":58,"column":75},"end":{"line":58,"column":84}}],"line":58},"5":{"loc":{"start":{"line":59,"column":4},"end":{"line":62,"column":5}},"type":"if","locations":[{"start":{"line":59,"column":4},"end":{"line":62,"column":5}},{"start":{},"end":{}}],"line":59},"6":{"loc":{"start":{"line":60,"column":31},"end":{"line":60,"column":63}},"type":"cond-expr","locations":[{"start":{"line":60,"column":45},"end":{"line":60,"column":54}},{"start":{"line":60,"column":57},"end":{"line":60,"column":63}}],"line":60},"7":{"loc":{"start":{"line":61,"column":29},"end":{"line":61,"column":46}},"type":"binary-expr","locations":[{"start":{"line":61,"column":29},"end":{"line":61,"column":40}},{"start":{"line":61,"column":44},"end":{"line":61,"column":46}}],"line":61},"8":{"loc":{"start":{"line":65,"column":99},"end":{"line":65,"column":130}},"type":"binary-expr","locations":[{"start":{"line":65,"column":99},"end":{"line":65,"column":121}},{"start":{"line":65,"column":125},"end":{"line":65,"column":130}}],"line":65},"9":{"loc":{"start":{"line":99,"column":4},"end":{"line":102,"column":5}},"type":"if","locations":[{"start":{"line":99,"column":4},"end":{"line":102,"column":5}},{"start":{},"end":{}}],"line":99},"10":{"loc":{"start":{"line":103,"column":4},"end":{"line":106,"column":5}},"type":"if","locations":[{"start":{"line":103,"column":4},"end":{"line":106,"column":5}},{"start":{},"end":{}}],"line":103},"11":{"loc":{"start":{"line":107,"column":4},"end":{"line":107,"column":189}},"type":"if","locations":[{"start":{"line":107,"column":4},"end":{"line":107,"column":189}},{"start":{},"end":{}}],"line":107},"12":{"loc":{"start":{"line":107,"column":8},"end":{"line":107,"column":66}},"type":"binary-expr","locations":[{"start":{"line":107,"column":8},"end":{"line":107,"column":30}},{"start":{"line":107,"column":34},"end":{"line":107,"column":66}}],"line":107},"13":{"loc":{"start":{"line":108,"column":4},"end":{"line":108,"column":193}},"type":"if","locations":[{"start":{"line":108,"column":4},"end":{"line":108,"column":193}},{"start":{},"end":{}}],"line":108},"14":{"loc":{"start":{"line":108,"column":8},"end":{"line":108,"column":67}},"type":"binary-expr","locations":[{"start":{"line":108,"column":8},"end":{"line":108,"column":30}},{"start":{"line":108,"column":34},"end":{"line":108,"column":67}}],"line":108},"15":{"loc":{"start":{"line":110,"column":4},"end":{"line":113,"column":5}},"type":"if","locations":[{"start":{"line":110,"column":4},"end":{"line":113,"column":5}},{"start":{},"end":{}}],"line":110},"16":{"loc":{"start":{"line":116,"column":99},"end":{"line":116,"column":130}},"type":"binary-expr","locations":[{"start":{"line":116,"column":99},"end":{"line":116,"column":121}},{"start":{"line":116,"column":125},"end":{"line":116,"column":130}}],"line":116},"17":{"loc":{"start":{"line":146,"column":4},"end":{"line":146,"column":78}},"type":"if","locations":[{"start":{"line":146,"column":4},"end":{"line":146,"column":78}},{"start":{},"end":{}}],"line":146},"18":{"loc":{"start":{"line":149,"column":4},"end":{"line":149,"column":93}},"type":"if","locations":[{"start":{"line":149,"column":4},"end":{"line":149,"column":93}},{"start":{},"end":{}}],"line":149},"19":{"loc":{"start":{"line":174,"column":4},"end":{"line":176,"column":5}},"type":"if","locations":[{"start":{"line":174,"column":4},"end":{"line":176,"column":5}},{"start":{},"end":{}}],"line":174},"20":{"loc":{"start":{"line":174,"column":8},"end":{"line":174,"column":40}},"type":"binary-expr","locations":[{"start":{"line":174,"column":8},"end":{"line":174,"column":17}},{"start":{"line":174,"column":21},"end":{"line":174,"column":40}}],"line":174},"21":{"loc":{"start":{"line":177,"column":4},"end":{"line":179,"column":5}},"type":"if","locations":[{"start":{"line":177,"column":4},"end":{"line":179,"column":5}},{"start":{},"end":{}}],"line":177},"22":{"loc":{"start":{"line":177,"column":8},"end":{"line":177,"column":68}},"type":"binary-expr","locations":[{"start":{"line":177,"column":8},"end":{"line":177,"column":29}},{"start":{"line":177,"column":33},"end":{"line":177,"column":68}}],"line":177},"23":{"loc":{"start":{"line":187,"column":4},"end":{"line":187,"column":90}},"type":"if","locations":[{"start":{"line":187,"column":4},"end":{"line":187,"column":90}},{"start":{},"end":{}}],"line":187}},"s":{"0":0,"1":0,"2":0,"3":0,"4":0,"5":0,"6":0,"7":0,"8":0,"9":0,"10":0,"11":0,"12":0,"13":0,"14":0,"15":0,"16":0,"17":0,"18":0,"19":0,"20":0,"21":0,"22":0,"23":0,"24":0,"25":0,"26":0,"27":0,"28":0,"29":0,"30":0,"31":0,"32":0,"33":0,"34":0,"35":0,"36":0,"37":0,"38":0,"39":0,"40":0,"41":0,"42":0,"43":0,"44":0,"45":0,"46":0,"47":0,"48":0,"49":0,"50":0,"51":0,"52":0,"53":0,"54":0,"55":0,"56":0,"57":0,"58":0,"59":0,"60":0,"61":0,"62":0,"63":0,"64":0,"65":0,"66":0,"67":0,"68":0,"69":0,"70":0,"71":0,"72":0,"73":0,"74":0,"75":0,"76":0,"77":0,"78":0,"79":0,"80":0,"81":0,"82":0,"83":0,"84":0,"85":0,"86":0,"87":0,"88":0,"89":0,"90":0,"91":0,"92":0,"93":0},"f":{"0":0,"1":0,"2":0,"3":0,"4":0,"5":0,"6":0},"b":{"0":[0,0],"1":[0,0],"2":[0,0],"3":[0,0],"4":[0,0],"5":[0,0],"6":[0,0],"7":[0,0],"8":[0,0],"9":[0,0],"10":[0,0],"11":[0,0],"12":[0,0],"13":[0,0],"14":[0,0],"15":[0,0],"16":[0,0],"17":[0,0],"18":[0,0],"19":[0,0],"20":[0,0],"21":[0,0],"22":[0,0],"23":[0,0]}}
,"D:\\EduStream\\edu-stream\\backend\\routes\\courses.js": {"path":"D:\\EduStream\\edu-stream\\backend\\routes\\courses.js","statementMap":{"0":{"start":{"line":1,"column":16},"end":{"line":1,"column":34}},"1":{"start":{"line":2,"column":15},"end":{"line":2,"column":32}},"2":{"start":{"line":3,"column":13},"end":{"line":3,"column":28}},"3":{"start":{"line":4,"column":15},"end":{"line":4,"column":42}},"4":{"start":{"line":5,"column":23},"end":{"line":5,"column":58}},"5":{"start":{"line":6,"column":19},"end":{"line":6,"column":50}},"6":{"start":{"line":7,"column":19},"end":{"line":7,"column":50}},"7":{"start":{"line":8,"column":13},"end":{"line":8,"column":38}},"8":{"start":{"line":9,"column":19},"end":{"line":9,"column":50}},"9":{"start":{"line":10,"column":21},"end":{"line":10,"column":54}},"10":{"start":{"line":11,"column":13},"end":{"line":11,"column":38}},"11":{"start":{"line":12,"column":36},"end":{"line":12,"column":65}},"12":{"start":{"line":14,"column":15},"end":{"line":14,"column":31}},"13":{"start":{"line":16,"column":16},"end":{"line":19,"column":2}},"14":{"start":{"line":17,"column":34},"end":{"line":17,"column":81}},"15":{"start":{"line":18,"column":31},"end":{"line":18,"column":77}},"16":{"start":{"line":20,"column":15},"end":{"line":20,"column":75}},"17":{"start":{"line":22,"column":0},"end":{"line":25,"column":3}},"18":{"start":{"line":23,"column":2},"end":{"line":23,"column":78}},"19":{"start":{"line":23,"column":17},"end":{"line":23,"column":78}},"20":{"start":{"line":24,"column":2},"end":{"line":24,"column":169}},"21":{"start":{"line":27,"column":0},"end":{"line":37,"column":3}},"22":{"start":{"line":28,"column":2},"end":{"line":28,"column":78}},"23":{"start":{"line":28,"column":17},"end":{"line":28,"column":78}},"24":{"start":{"line":29,"column":18},"end":{"line":29,"column":54}},"25":{"start":{"line":30,"column":14},"end":{"line":30,"column":66}},"26":{"start":{"line":31,"column":2},"end":{"line":35,"column":3}},"27":{"start":{"line":32,"column":15},"end":{"line":32,"column":28}},"28":{"start":{"line":33,"column":4},"end":{"line":33,"column":33}},"29":{"start":{"line":34,"column":4},"end":{"line":34,"column":85}},"30":{"start":{"line":36,"column":2},"end":{"line":36,"column":134}},"31":{"start":{"line":39,"column":0},"end":{"line":46,"column":3}},"32":{"start":{"line":40,"column":2},"end":{"line":45,"column":3}},"33":{"start":{"line":41,"column":19},"end":{"line":41,"column":80}},"34":{"start":{"line":42,"column":4},"end":{"line":42,"column":33}},"35":{"start":{"line":44,"column":4},"end":{"line":44,"column":53}},"36":{"start":{"line":48,"column":0},"end":{"line":61,"column":3}},"37":{"start":{"line":49,"column":2},"end":{"line":60,"column":3}},"38":{"start":{"line":50,"column":34},"end":{"line":50,"column":43}},"39":{"start":{"line":51,"column":19},"end":{"line":51,"column":21}},"40":{"start":{"line":52,"column":4},"end":{"line":52,"column":39}},"41":{"start":{"line":52,"column":16},"end":{"line":52,"column":39}},"42":{"start":{"line":53,"column":4},"end":{"line":53,"column":48}},"43":{"start":{"line":53,"column":19},"end":{"line":53,"column":48}},"44":{"start":{"line":54,"column":4},"end":{"line":54,"column":68}},"45":{"start":{"line":54,"column":36},"end":{"line":54,"column":68}},"46":{"start":{"line":55,"column":4},"end":{"line":55,"column":64}},"47":{"start":{"line":55,"column":37},"end":{"line":55,"column":64}},"48":{"start":{"line":56,"column":20},"end":{"line":56,"column":126}},"49":{"start":{"line":57,"column":4},"end":{"line":57,"column":22}},"50":{"start":{"line":59,"column":4},"end":{"line":59,"column":53}},"51":{"start":{"line":63,"column":0},"end":{"line":70,"column":3}},"52":{"start":{"line":64,"column":2},"end":{"line":69,"column":3}},"53":{"start":{"line":65,"column":20},"end":{"line":65,"column":141}},"54":{"start":{"line":66,"column":4},"end":{"line":66,"column":22}},"55":{"start":{"line":68,"column":4},"end":{"line":68,"column":53}},"56":{"start":{"line":72,"column":0},"end":{"line":83,"column":3}},"57":{"start":{"line":73,"column":2},"end":{"line":82,"column":3}},"58":{"start":{"line":74,"column":19},"end":{"line":74,"column":117}},"59":{"start":{"line":75,"column":4},"end":{"line":75,"column":78}},"60":{"start":{"line":75,"column":17},"end":{"line":75,"column":78}},"61":{"start":{"line":76,"column":22},"end":{"line":76,"column":93}},"62":{"start":{"line":77,"column":24},"end":{"line":77,"column":72}},"63":{"start":{"line":78,"column":20},"end":{"line":78,"column":62}},"64":{"start":{"line":79,"column":4},"end":{"line":79,"column":58}},"65":{"start":{"line":81,"column":4},"end":{"line":81,"column":53}},"66":{"start":{"line":85,"column":0},"end":{"line":98,"column":3}},"67":{"start":{"line":86,"column":2},"end":{"line":97,"column":3}},"68":{"start":{"line":87,"column":19},"end":{"line":87,"column":55}},"69":{"start":{"line":88,"column":4},"end":{"line":88,"column":78}},"70":{"start":{"line":88,"column":17},"end":{"line":88,"column":78}},"71":{"start":{"line":89,"column":4},"end":{"line":91,"column":5}},"72":{"start":{"line":90,"column":6},"end":{"line":90,"column":65}},"73":{"start":{"line":92,"column":4},"end":{"line":92,"column":36}},"74":{"start":{"line":93,"column":4},"end":{"line":93,"column":24}},"75":{"start":{"line":94,"column":4},"end":{"line":94,"column":21}},"76":{"start":{"line":96,"column":4},"end":{"line":96,"column":53}},"77":{"start":{"line":100,"column":0},"end":{"line":116,"column":3}},"78":{"start":{"line":101,"column":2},"end":{"line":115,"column":3}},"79":{"start":{"line":102,"column":19},"end":{"line":102,"column":55}},"80":{"start":{"line":103,"column":4},"end":{"line":103,"column":78}},"81":{"start":{"line":103,"column":17},"end":{"line":103,"column":78}},"82":{"start":{"line":104,"column":4},"end":{"line":106,"column":5}},"83":{"start":{"line":105,"column":6},"end":{"line":105,"column":65}},"84":{"start":{"line":107,"column":4},"end":{"line":107,"column":63}},"85":{"start":{"line":108,"column":4},"end":{"line":108,"column":59}},"86":{"start":{"line":109,"column":4},"end":{"line":109,"column":53}},"87":{"start":{"line":110,"column":4},"end":{"line":110,"column":59}},"88":{"start":{"line":111,"column":4},"end":{"line":111,"column":50}},"89":{"start":{"line":112,"column":4},"end":{"line":112,"column":44}},"90":{"start":{"line":114,"column":4},"end":{"line":114,"column":53}},"91":{"start":{"line":118,"column":0},"end":{"line":137,"column":3}},"92":{"start":{"line":119,"column":2},"end":{"line":136,"column":3}},"93":{"start":{"line":120,"column":19},"end":{"line":120,"column":103}},"94":{"start":{"line":121,"column":4},"end":{"line":121,"column":78}},"95":{"start":{"line":121,"column":17},"end":{"line":121,"column":78}},"96":{"start":{"line":122,"column":18},"end":{"line":130,"column":6}},"97":{"start":{"line":131,"column":15},"end":{"line":131,"column":32}},"98":{"start":{"line":132,"column":4},"end":{"line":132,"column":74}},"99":{"start":{"line":132,"column":12},"end":{"line":132,"column":74}},"100":{"start":{"line":133,"column":4},"end":{"line":133,"column":21}},"101":{"start":{"line":135,"column":4},"end":{"line":135,"column":53}},"102":{"start":{"line":139,"column":0},"end":{"line":158,"column":3}},"103":{"start":{"line":140,"column":2},"end":{"line":157,"column":3}},"104":{"start":{"line":141,"column":19},"end":{"line":141,"column":144}},"105":{"start":{"line":142,"column":4},"end":{"line":142,"column":78}},"106":{"start":{"line":142,"column":17},"end":{"line":142,"column":78}},"107":{"start":{"line":143,"column":18},"end":{"line":151,"column":6}},"108":{"start":{"line":152,"column":15},"end":{"line":152,"column":32}},"109":{"start":{"line":153,"column":4},"end":{"line":153,"column":74}},"110":{"start":{"line":153,"column":12},"end":{"line":153,"column":74}},"111":{"start":{"line":154,"column":4},"end":{"line":154,"column":21}},"112":{"start":{"line":156,"column":4},"end":{"line":156,"column":53}},"113":{"start":{"line":160,"column":0},"end":{"line":188,"column":3}},"114":{"start":{"line":161,"column":2},"end":{"line":187,"column":3}},"115":{"start":{"line":162,"column":19},"end":{"line":162,"column":55}},"116":{"start":{"line":163,"column":4},"end":{"line":163,"column":78}},"117":{"start":{"line":163,"column":17},"end":{"line":163,"column":78}},"118":{"start":{"line":164,"column":4},"end":{"line":166,"column":5}},"119":{"start":{"line":165,"column":6},"end":{"line":165,"column":65}},"120":{"start":{"line":167,"column":4},"end":{"line":167,"column":30}},"121":{"start":{"line":168,"column":4},"end":{"line":168,"column":24}},"122":{"start":{"line":169,"column":19},"end":{"line":169,"column":67}},"123":{"start":{"line":170,"column":19},"end":{"line":178,"column":7}},"124":{"start":{"line":170,"column":36},"end":{"line":178,"column":5}},"125":{"start":{"line":179,"column":4},"end":{"line":183,"column":5}},"126":{"start":{"line":180,"column":22},"end":{"line":180,"column":59}},"127":{"start":{"line":181,"column":17},"end":{"line":181,"column":34}},"128":{"start":{"line":182,"column":6},"end":{"line":182,"column":87}},"129":{"start":{"line":182,"column":14},"end":{"line":182,"column":87}},"130":{"start":{"line":182,"column":35},"end":{"line":182,"column":85}},"131":{"start":{"line":184,"column":4},"end":{"line":184,"column":21}},"132":{"start":{"line":186,"column":4},"end":{"line":186,"column":53}},"133":{"start":{"line":190,"column":0},"end":{"line":215,"column":3}},"134":{"start":{"line":191,"column":2},"end":{"line":214,"column":3}},"135":{"start":{"line":192,"column":19},"end":{"line":192,"column":55}},"136":{"start":{"line":193,"column":4},"end":{"line":193,"column":78}},"137":{"start":{"line":193,"column":17},"end":{"line":193,"column":78}},"138":{"start":{"line":194,"column":4},"end":{"line":194,"column":103}},"139":{"start":{"line":194,"column":38},"end":{"line":194,"column":103}},"140":{"start":{"line":195,"column":21},"end":{"line":195,"column":98}},"141":{"start":{"line":196,"column":4},"end":{"line":196,"column":79}},"142":{"start":{"line":196,"column":18},"end":{"line":196,"column":79}},"143":{"start":{"line":197,"column":4},"end":{"line":197,"column":81}},"144":{"start":{"line":198,"column":4},"end":{"line":198,"column":31}},"145":{"start":{"line":199,"column":4},"end":{"line":199,"column":24}},"146":{"start":{"line":200,"column":18},"end":{"line":208,"column":6}},"147":{"start":{"line":209,"column":15},"end":{"line":209,"column":32}},"148":{"start":{"line":210,"column":4},"end":{"line":210,"column":74}},"149":{"start":{"line":210,"column":12},"end":{"line":210,"column":74}},"150":{"start":{"line":211,"column":4},"end":{"line":211,"column":63}},"151":{"start":{"line":213,"column":4},"end":{"line":213,"column":53}},"152":{"start":{"line":217,"column":0},"end":{"line":229,"column":3}},"153":{"start":{"line":218,"column":2},"end":{"line":228,"column":3}},"154":{"start":{"line":219,"column":19},"end":{"line":219,"column":55}},"155":{"start":{"line":220,"column":4},"end":{"line":220,"column":78}},"156":{"start":{"line":220,"column":17},"end":{"line":220,"column":78}},"157":{"start":{"line":221,"column":4},"end":{"line":223,"column":5}},"158":{"start":{"line":222,"column":6},"end":{"line":222,"column":65}},"159":{"start":{"line":224,"column":24},"end":{"line":224,"column":129}},"160":{"start":{"line":225,"column":4},"end":{"line":225,"column":26}},"161":{"start":{"line":227,"column":4},"end":{"line":227,"column":53}},"162":{"start":{"line":231,"column":0},"end":{"line":241,"column":3}},"163":{"start":{"line":232,"column":2},"end":{"line":240,"column":3}},"164":{"start":{"line":233,"column":19},"end":{"line":233,"column":55}},"165":{"start":{"line":234,"column":4},"end":{"line":234,"column":78}},"166":{"start":{"line":234,"column":17},"end":{"line":234,"column":78}},"167":{"start":{"line":235,"column":4},"end":{"line":235,"column":124}},"168":{"start":{"line":235,"column":65},"end":{"line":235,"column":124}},"169":{"start":{"line":236,"column":21},"end":{"line":236,"column":88}},"170":{"start":{"line":237,"column":4},"end":{"line":237,"column":35}},"171":{"start":{"line":239,"column":4},"end":{"line":239,"column":53}},"172":{"start":{"line":243,"column":0},"end":{"line":254,"column":3}},"173":{"start":{"line":244,"column":2},"end":{"line":253,"column":3}},"174":{"start":{"line":245,"column":21},"end":{"line":245,"column":73}},"175":{"start":{"line":246,"column":4},"end":{"line":246,"column":82}},"176":{"start":{"line":246,"column":19},"end":{"line":246,"column":82}},"177":{"start":{"line":247,"column":19},"end":{"line":247,"column":60}},"178":{"start":{"line":248,"column":4},"end":{"line":248,"column":124}},"179":{"start":{"line":248,"column":65},"end":{"line":248,"column":124}},"180":{"start":{"line":249,"column":4},"end":{"line":249,"column":66}},"181":{"start":{"line":250,"column":4},"end":{"line":250,"column":46}},"182":{"start":{"line":252,"column":4},"end":{"line":252,"column":53}},"183":{"start":{"line":256,"column":0},"end":{"line":266,"column":3}},"184":{"start":{"line":257,"column":2},"end":{"line":265,"column":3}},"185":{"start":{"line":258,"column":19},"end":{"line":258,"column":55}},"186":{"start":{"line":259,"column":4},"end":{"line":259,"column":78}},"187":{"start":{"line":259,"column":17},"end":{"line":259,"column":78}},"188":{"start":{"line":260,"column":4},"end":{"line":260,"column":124}},"189":{"start":{"line":260,"column":65},"end":{"line":260,"column":124}},"190":{"start":{"line":261,"column":23},"end":{"line":261,"column":86}},"191":{"start":{"line":262,"column":4},"end":{"line":262,"column":37}},"192":{"start":{"line":264,"column":4},"end":{"line":264,"column":53}},"193":{"start":{"line":268,"column":0},"end":{"line":276,"column":3}},"194":{"start":{"line":269,"column":2},"end":{"line":275,"column":3}},"195":{"start":{"line":270,"column":23},"end":{"line":270,"column":97}},"196":{"start":{"line":271,"column":4},"end":{"line":271,"column":86}},"197":{"start":{"line":271,"column":21},"end":{"line":271,"column":86}},"198":{"start":{"line":272,"column":4},"end":{"line":272,"column":25}},"199":{"start":{"line":274,"column":4},"end":{"line":274,"column":53}},"200":{"start":{"line":278,"column":0},"end":{"line":285,"column":3}},"201":{"start":{"line":279,"column":2},"end":{"line":284,"column":3}},"202":{"start":{"line":280,"column":4},"end":{"line":280,"column":54}},"203":{"start":{"line":281,"column":4},"end":{"line":281,"column":48}},"204":{"start":{"line":283,"column":4},"end":{"line":283,"column":53}},"205":{"start":{"line":287,"column":0},"end":{"line":295,"column":3}},"206":{"start":{"line":288,"column":2},"end":{"line":294,"column":3}},"207":{"start":{"line":289,"column":23},"end":{"line":289,"column":161}},"208":{"start":{"line":290,"column":4},"end":{"line":290,"column":86}},"209":{"start":{"line":290,"column":21},"end":{"line":290,"column":86}},"210":{"start":{"line":291,"column":4},"end":{"line":291,"column":25}},"211":{"start":{"line":293,"column":4},"end":{"line":293,"column":53}},"212":{"start":{"line":297,"column":0},"end":{"line":307,"column":3}},"213":{"start":{"line":298,"column":2},"end":{"line":306,"column":3}},"214":{"start":{"line":299,"column":19},"end":{"line":299,"column":55}},"215":{"start":{"line":300,"column":4},"end":{"line":300,"column":78}},"216":{"start":{"line":300,"column":17},"end":{"line":300,"column":78}},"217":{"start":{"line":301,"column":4},"end":{"line":301,"column":124}},"218":{"start":{"line":301,"column":65},"end":{"line":301,"column":124}},"219":{"start":{"line":302,"column":17},"end":{"line":302,"column":74}},"220":{"start":{"line":303,"column":4},"end":{"line":303,"column":31}},"221":{"start":{"line":305,"column":4},"end":{"line":305,"column":53}},"222":{"start":{"line":309,"column":0},"end":{"line":317,"column":3}},"223":{"start":{"line":310,"column":2},"end":{"line":316,"column":3}},"224":{"start":{"line":311,"column":17},"end":{"line":311,"column":85}},"225":{"start":{"line":312,"column":4},"end":{"line":312,"column":74}},"226":{"start":{"line":312,"column":15},"end":{"line":312,"column":74}},"227":{"start":{"line":313,"column":4},"end":{"line":313,"column":19}},"228":{"start":{"line":315,"column":4},"end":{"line":315,"column":53}},"229":{"start":{"line":319,"column":0},"end":{"line":326,"column":3}},"230":{"start":{"line":320,"column":2},"end":{"line":325,"column":3}},"231":{"start":{"line":321,"column":4},"end":{"line":321,"column":48}},"232":{"start":{"line":322,"column":4},"end":{"line":322,"column":42}},"233":{"start":{"line":324,"column":4},"end":{"line":324,"column":53}},"234":{"start":{"line":328,"column":0},"end":{"line":344,"column":3}},"235":{"start":{"line":329,"column":2},"end":{"line":343,"column":3}},"236":{"start":{"line":330,"column":17},"end":{"line":330,"column":51}},"237":{"start":{"line":331,"column":4},"end":{"line":331,"column":74}},"238":{"start":{"line":331,"column":15},"end":{"line":331,"column":74}},"239":{"start":{"line":332,"column":24},"end":{"line":332,"column":32}},"240":{"start":{"line":333,"column":16},"end":{"line":333,"column":17}},"241":{"start":{"line":334,"column":16},"end":{"line":334,"column":17}},"242":{"start":{"line":335,"column":4},"end":{"line":338,"column":7}},"243":{"start":{"line":336,"column":6},"end":{"line":336,"column":24}},"244":{"start":{"line":337,"column":6},"end":{"line":337,"column":89}},"245":{"start":{"line":337,"column":71},"end":{"line":337,"column":89}},"246":{"start":{"line":339,"column":23},"end":{"line":339,"column":72}},"247":{"start":{"line":340,"column":4},"end":{"line":340,"column":85}},"248":{"start":{"line":342,"column":4},"end":{"line":342,"column":53}},"249":{"start":{"line":346,"column":0},"end":{"line":346,"column":24}}},"fnMap":{"0":{"name":"(anonymous_0)","decl":{"start":{"line":17,"column":15},"end":{"line":17,"column":16}},"loc":{"start":{"line":17,"column":34},"end":{"line":17,"column":81}},"line":17},"1":{"name":"(anonymous_1)","decl":{"start":{"line":18,"column":12},"end":{"line":18,"column":13}},"loc":{"start":{"line":18,"column":31},"end":{"line":18,"column":77}},"line":18},"2":{"name":"(anonymous_2)","decl":{"start":{"line":22,"column":60},"end":{"line":22,"column":61}},"loc":{"start":{"line":22,"column":74},"end":{"line":25,"column":1}},"line":22},"3":{"name":"(anonymous_3)","decl":{"start":{"line":27,"column":53},"end":{"line":27,"column":54}},"loc":{"start":{"line":27,"column":67},"end":{"line":37,"column":1}},"line":27},"4":{"name":"(anonymous_4)","decl":{"start":{"line":39,"column":61},"end":{"line":39,"column":62}},"loc":{"start":{"line":39,"column":81},"end":{"line":46,"column":1}},"line":39},"5":{"name":"(anonymous_5)","decl":{"start":{"line":48,"column":30},"end":{"line":48,"column":31}},"loc":{"start":{"line":48,"column":50},"end":{"line":61,"column":1}},"line":48},"6":{"name":"(anonymous_6)","decl":{"start":{"line":63,"column":57},"end":{"line":63,"column":58}},"loc":{"start":{"line":63,"column":77},"end":{"line":70,"column":1}},"line":63},"7":{"name":"(anonymous_7)","decl":{"start":{"line":72,"column":33},"end":{"line":72,"column":34}},"loc":{"start":{"line":72,"column":53},"end":{"line":83,"column":1}},"line":72},"8":{"name":"(anonymous_8)","decl":{"start":{"line":85,"column":63},"end":{"line":85,"column":64}},"loc":{"start":{"line":85,"column":83},"end":{"line":98,"column":1}},"line":85},"9":{"name":"(anonymous_9)","decl":{"start":{"line":100,"column":66},"end":{"line":100,"column":67}},"loc":{"start":{"line":100,"column":86},"end":{"line":116,"column":1}},"line":100},"10":{"name":"(anonymous_10)","decl":{"start":{"line":118,"column":62},"end":{"line":118,"column":63}},"loc":{"start":{"line":118,"column":82},"end":{"line":137,"column":1}},"line":118},"11":{"name":"(anonymous_11)","decl":{"start":{"line":139,"column":61},"end":{"line":139,"column":62}},"loc":{"start":{"line":139,"column":81},"end":{"line":158,"column":1}},"line":139},"12":{"name":"(anonymous_12)","decl":{"start":{"line":160,"column":62},"end":{"line":160,"column":63}},"loc":{"start":{"line":160,"column":82},"end":{"line":188,"column":1}},"line":160},"13":{"name":"(anonymous_13)","decl":{"start":{"line":170,"column":30},"end":{"line":170,"column":31}},"loc":{"start":{"line":170,"column":36},"end":{"line":178,"column":5}},"line":170},"14":{"name":"(anonymous_14)","decl":{"start":{"line":182,"column":30},"end":{"line":182,"column":31}},"loc":{"start":{"line":182,"column":35},"end":{"line":182,"column":85}},"line":182},"15":{"name":"(anonymous_15)","decl":{"start":{"line":190,"column":63},"end":{"line":190,"column":64}},"loc":{"start":{"line":190,"column":83},"end":{"line":215,"column":1}},"line":190},"16":{"name":"(anonymous_16)","decl":{"start":{"line":217,"column":72},"end":{"line":217,"column":73}},"loc":{"start":{"line":217,"column":92},"end":{"line":229,"column":1}},"line":217},"17":{"name":"(anonymous_17)","decl":{"start":{"line":231,"column":65},"end":{"line":231,"column":66}},"loc":{"start":{"line":231,"column":85},"end":{"line":241,"column":1}},"line":231},"18":{"name":"(anonymous_18)","decl":{"start":{"line":243,"column":75},"end":{"line":243,"column":76}},"loc":{"start":{"line":243,"column":95},"end":{"line":254,"column":1}},"line":243},"19":{"name":"(anonymous_19)","decl":{"start":{"line":256,"column":67},"end":{"line":256,"column":68}},"loc":{"start":{"line":256,"column":87},"end":{"line":266,"column":1}},"line":256},"20":{"name":"(anonymous_20)","decl":{"start":{"line":268,"column":66},"end":{"line":268,"column":67}},"loc":{"start":{"line":268,"column":86},"end":{"line":276,"column":1}},"line":268},"21":{"name":"(anonymous_21)","decl":{"start":{"line":278,"column":69},"end":{"line":278,"column":70}},"loc":{"start":{"line":278,"column":89},"end":{"line":285,"column":1}},"line":278},"22":{"name":"(anonymous_22)","decl":{"start":{"line":287,"column":73},"end":{"line":287,"column":74}},"loc":{"start":{"line":287,"column":93},"end":{"line":295,"column":1}},"line":287},"23":{"name":"(anonymous_23)","decl":{"start":{"line":297,"column":63},"end":{"line":297,"column":64}},"loc":{"start":{"line":297,"column":83},"end":{"line":307,"column":1}},"line":297},"24":{"name":"(anonymous_24)","decl":{"start":{"line":309,"column":62},"end":{"line":309,"column":63}},"loc":{"start":{"line":309,"column":82},"end":{"line":317,"column":1}},"line":309},"25":{"name":"(anonymous_25)","decl":{"start":{"line":319,"column":65},"end":{"line":319,"column":66}},"loc":{"start":{"line":319,"column":85},"end":{"line":326,"column":1}},"line":319},"26":{"name":"(anonymous_26)","decl":{"start":{"line":328,"column":71},"end":{"line":328,"column":72}},"loc":{"start":{"line":328,"column":91},"end":{"line":344,"column":1}},"line":328},"27":{"name":"(anonymous_27)","decl":{"start":{"line":335,"column":27},"end":{"line":335,"column":28}},"loc":{"start":{"line":335,"column":37},"end":{"line":338,"column":5}},"line":335}},"branchMap":{"0":{"loc":{"start":{"line":23,"column":2},"end":{"line":23,"column":78}},"type":"if","locations":[{"start":{"line":23,"column":2},"end":{"line":23,"column":78}},{"start":{},"end":{}}],"line":23},"1":{"loc":{"start":{"line":28,"column":2},"end":{"line":28,"column":78}},"type":"if","locations":[{"start":{"line":28,"column":2},"end":{"line":28,"column":78}},{"start":{},"end":{}}],"line":28},"2":{"loc":{"start":{"line":31,"column":2},"end":{"line":35,"column":3}},"type":"if","locations":[{"start":{"line":31,"column":2},"end":{"line":35,"column":3}},{"start":{},"end":{}}],"line":31},"3":{"loc":{"start":{"line":52,"column":4},"end":{"line":52,"column":39}},"type":"if","locations":[{"start":{"line":52,"column":4},"end":{"line":52,"column":39}},{"start":{},"end":{}}],"line":52},"4":{"loc":{"start":{"line":53,"column":4},"end":{"line":53,"column":48}},"type":"if","locations":[{"start":{"line":53,"column":4},"end":{"line":53,"column":48}},{"start":{},"end":{}}],"line":53},"5":{"loc":{"start":{"line":54,"column":4},"end":{"line":54,"column":68}},"type":"if","locations":[{"start":{"line":54,"column":4},"end":{"line":54,"column":68}},{"start":{},"end":{}}],"line":54},"6":{"loc":{"start":{"line":55,"column":4},"end":{"line":55,"column":64}},"type":"if","locations":[{"start":{"line":55,"column":4},"end":{"line":55,"column":64}},{"start":{},"end":{}}],"line":55},"7":{"loc":{"start":{"line":75,"column":4},"end":{"line":75,"column":78}},"type":"if","locations":[{"start":{"line":75,"column":4},"end":{"line":75,"column":78}},{"start":{},"end":{}}],"line":75},"8":{"loc":{"start":{"line":88,"column":4},"end":{"line":88,"column":78}},"type":"if","locations":[{"start":{"line":88,"column":4},"end":{"line":88,"column":78}},{"start":{},"end":{}}],"line":88},"9":{"loc":{"start":{"line":89,"column":4},"end":{"line":91,"column":5}},"type":"if","locations":[{"start":{"line":89,"column":4},"end":{"line":91,"column":5}},{"start":{},"end":{}}],"line":89},"10":{"loc":{"start":{"line":89,"column":8},"end":{"line":89,"column":93}},"type":"binary-expr","locations":[{"start":{"line":89,"column":8},"end":{"line":89,"column":34}},{"start":{"line":89,"column":38},"end":{"line":89,"column":93}}],"line":89},"11":{"loc":{"start":{"line":103,"column":4},"end":{"line":103,"column":78}},"type":"if","locations":[{"start":{"line":103,"column":4},"end":{"line":103,"column":78}},{"start":{},"end":{}}],"line":103},"12":{"loc":{"start":{"line":104,"column":4},"end":{"line":106,"column":5}},"type":"if","locations":[{"start":{"line":104,"column":4},"end":{"line":106,"column":5}},{"start":{},"end":{}}],"line":104},"13":{"loc":{"start":{"line":104,"column":8},"end":{"line":104,"column":93}},"type":"binary-expr","locations":[{"start":{"line":104,"column":8},"end":{"line":104,"column":34}},{"start":{"line":104,"column":38},"end":{"line":104,"column":93}}],"line":104},"14":{"loc":{"start":{"line":121,"column":4},"end":{"line":121,"column":78}},"type":"if","locations":[{"start":{"line":121,"column":4},"end":{"line":121,"column":78}},{"start":{},"end":{}}],"line":121},"15":{"loc":{"start":{"line":132,"column":4},"end":{"line":132,"column":74}},"type":"if","locations":[{"start":{"line":132,"column":4},"end":{"line":132,"column":74}},{"start":{},"end":{}}],"line":132},"16":{"loc":{"start":{"line":141,"column":105},"end":{"line":141,"column":126}},"type":"binary-expr","locations":[{"start":{"line":141,"column":105},"end":{"line":141,"column":120}},{"start":{"line":141,"column":124},"end":{"line":141,"column":126}}],"line":141},"17":{"loc":{"start":{"line":142,"column":4},"end":{"line":142,"column":78}},"type":"if","locations":[{"start":{"line":142,"column":4},"end":{"line":142,"column":78}},{"start":{},"end":{}}],"line":142},"18":{"loc":{"start":{"line":147,"column":70},"end":{"line":147,"column":104}},"type":"binary-expr","locations":[{"start":{"line":147,"column":70},"end":{"line":147,"column":85}},{"start":{"line":147,"column":89},"end":{"line":147,"column":104}}],"line":147},"19":{"loc":{"start":{"line":153,"column":4},"end":{"line":153,"column":74}},"type":"if","locations":[{"start":{"line":153,"column":4},"end":{"line":153,"column":74}},{"start":{},"end":{}}],"line":153},"20":{"loc":{"start":{"line":163,"column":4},"end":{"line":163,"column":78}},"type":"if","locations":[{"start":{"line":163,"column":4},"end":{"line":163,"column":78}},{"start":{},"end":{}}],"line":163},"21":{"loc":{"start":{"line":164,"column":4},"end":{"line":166,"column":5}},"type":"if","locations":[{"start":{"line":164,"column":4},"end":{"line":166,"column":5}},{"start":{},"end":{}}],"line":164},"22":{"loc":{"start":{"line":179,"column":4},"end":{"line":183,"column":5}},"type":"if","locations":[{"start":{"line":179,"column":4},"end":{"line":183,"column":5}},{"start":{},"end":{}}],"line":179},"23":{"loc":{"start":{"line":182,"column":6},"end":{"line":182,"column":87}},"type":"if","locations":[{"start":{"line":182,"column":6},"end":{"line":182,"column":87}},{"start":{},"end":{}}],"line":182},"24":{"loc":{"start":{"line":193,"column":4},"end":{"line":193,"column":78}},"type":"if","locations":[{"start":{"line":193,"column":4},"end":{"line":193,"column":78}},{"start":{},"end":{}}],"line":193},"25":{"loc":{"start":{"line":194,"column":4},"end":{"line":194,"column":103}},"type":"if","locations":[{"start":{"line":194,"column":4},"end":{"line":194,"column":103}},{"start":{},"end":{}}],"line":194},"26":{"loc":{"start":{"line":196,"column":4},"end":{"line":196,"column":79}},"type":"if","locations":[{"start":{"line":196,"column":4},"end":{"line":196,"column":79}},{"start":{},"end":{}}],"line":196},"27":{"loc":{"start":{"line":210,"column":4},"end":{"line":210,"column":74}},"type":"if","locations":[{"start":{"line":210,"column":4},"end":{"line":210,"column":74}},{"start":{},"end":{}}],"line":210},"28":{"loc":{"start":{"line":220,"column":4},"end":{"line":220,"column":78}},"type":"if","locations":[{"start":{"line":220,"column":4},"end":{"line":220,"column":78}},{"start":{},"end":{}}],"line":220},"29":{"loc":{"start":{"line":221,"column":4},"end":{"line":223,"column":5}},"type":"if","locations":[{"start":{"line":221,"column":4},"end":{"line":223,"column":5}},{"start":{},"end":{}}],"line":221},"30":{"loc":{"start":{"line":221,"column":8},"end":{"line":221,"column":93}},"type":"binary-expr","locations":[{"start":{"line":221,"column":8},"end":{"line":221,"column":34}},{"start":{"line":221,"column":38},"end":{"line":221,"column":93}}],"line":221},"31":{"loc":{"start":{"line":234,"column":4},"end":{"line":234,"column":78}},"type":"if","locations":[{"start":{"line":234,"column":4},"end":{"line":234,"column":78}},{"start":{},"end":{}}],"line":234},"32":{"loc":{"start":{"line":235,"column":4},"end":{"line":235,"column":124}},"type":"if","locations":[{"start":{"line":235,"column":4},"end":{"line":235,"column":124}},{"start":{},"end":{}}],"line":235},"33":{"loc":{"start":{"line":246,"column":4},"end":{"line":246,"column":82}},"type":"if","locations":[{"start":{"line":246,"column":4},"end":{"line":246,"column":82}},{"start":{},"end":{}}],"line":246},"34":{"loc":{"start":{"line":248,"column":4},"end":{"line":248,"column":124}},"type":"if","locations":[{"start":{"line":248,"column":4},"end":{"line":248,"column":124}},{"start":{},"end":{}}],"line":248},"35":{"loc":{"start":{"line":259,"column":4},"end":{"line":259,"column":78}},"type":"if","locations":[{"start":{"line":259,"column":4},"end":{"line":259,"column":78}},{"start":{},"end":{}}],"line":259},"36":{"loc":{"start":{"line":260,"column":4},"end":{"line":260,"column":124}},"type":"if","locations":[{"start":{"line":260,"column":4},"end":{"line":260,"column":124}},{"start":{},"end":{}}],"line":260},"37":{"loc":{"start":{"line":271,"column":4},"end":{"line":271,"column":86}},"type":"if","locations":[{"start":{"line":271,"column":4},"end":{"line":271,"column":86}},{"start":{},"end":{}}],"line":271},"38":{"loc":{"start":{"line":290,"column":4},"end":{"line":290,"column":86}},"type":"if","locations":[{"start":{"line":290,"column":4},"end":{"line":290,"column":86}},{"start":{},"end":{}}],"line":290},"39":{"loc":{"start":{"line":300,"column":4},"end":{"line":300,"column":78}},"type":"if","locations":[{"start":{"line":300,"column":4},"end":{"line":300,"column":78}},{"start":{},"end":{}}],"line":300},"40":{"loc":{"start":{"line":301,"column":4},"end":{"line":301,"column":124}},"type":"if","locations":[{"start":{"line":301,"column":4},"end":{"line":301,"column":124}},{"start":{},"end":{}}],"line":301},"41":{"loc":{"start":{"line":312,"column":4},"end":{"line":312,"column":74}},"type":"if","locations":[{"start":{"line":312,"column":4},"end":{"line":312,"column":74}},{"start":{},"end":{}}],"line":312},"42":{"loc":{"start":{"line":331,"column":4},"end":{"line":331,"column":74}},"type":"if","locations":[{"start":{"line":331,"column":4},"end":{"line":331,"column":74}},{"start":{},"end":{}}],"line":331},"43":{"loc":{"start":{"line":337,"column":6},"end":{"line":337,"column":89}},"type":"if","locations":[{"start":{"line":337,"column":6},"end":{"line":337,"column":89}},{"start":{},"end":{}}],"line":337},"44":{"loc":{"start":{"line":337,"column":10},"end":{"line":337,"column":69}},"type":"binary-expr","locations":[{"start":{"line":337,"column":10},"end":{"line":337,"column":34}},{"start":{"line":337,"column":38},"end":{"line":337,"column":69}}],"line":337},"45":{"loc":{"start":{"line":339,"column":23},"end":{"line":339,"column":72}},"type":"cond-expr","locations":[{"start":{"line":339,"column":35},"end":{"line":339,"column":68}},{"start":{"line":339,"column":71},"end":{"line":339,"column":72}}],"line":339}},"s":{"0":0,"1":0,"2":0,"3":0,"4":0,"5":0,"6":0,"7":0,"8":0,"9":0,"10":0,"11":0,"12":0,"13":0,"14":0,"15":0,"16":0,"17":0,"18":0,"19":0,"20":0,"21":0,"22":0,"23":0,"24":0,"25":0,"26":0,"27":0,"28":0,"29":0,"30":0,"31":0,"32":0,"33":0,"34":0,"35":0,"36":0,"37":0,"38":0,"39":0,"40":0,"41":0,"42":0,"43":0,"44":0,"45":0,"46":0,"47":0,"48":0,"49":0,"50":0,"51":0,"52":0,"53":0,"54":0,"55":0,"56":0,"57":0,"58":0,"59":0,"60":0,"61":0,"62":0,"63":0,"64":0,"65":0,"66":0,"67":0,"68":0,"69":0,"70":0,"71":0,"72":0,"73":0,"74":0,"75":0,"76":0,"77":0,"78":0,"79":0,"80":0,"81":0,"82":0,"83":0,"84":0,"85":0,"86":0,"87":0,"88":0,"89":0,"90":0,"91":0,"92":0,"93":0,"94":0,"95":0,"96":0,"97":0,"98":0,"99":0,"100":0,"101":0,"102":0,"103":0,"104":0,"105":0,"106":0,"107":0,"108":0,"109":0,"110":0,"111":0,"112":0,"113":0,"114":0,"115":0,"116":0,"117":0,"118":0,"119":0,"120":0,"121":0,"122":0,"123":0,"124":0,"125":0,"126":0,"127":0,"128":0,"129":0,"130":0,"131":0,"132":0,"133":0,"134":0,"135":0,"136":0,"137":0,"138":0,"139":0,"140":0,"141":0,"142":0,"143":0,"144":0,"145":0,"146":0,"147":0,"148":0,"149":0,"150":0,"151":0,"152":0,"153":0,"154":0,"155":0,"156":0,"157":0,"158":0,"159":0,"160":0,"161":0,"162":0,"163":0,"164":0,"165":0,"166":0,"167":0,"168":0,"169":0,"170":0,"171":0,"172":0,"173":0,"174":0,"175":0,"176":0,"177":0,"178":0,"179":0,"180":0,"181":0,"182":0,"183":0,"184":0,"185":0,"186":0,"187":0,"188":0,"189":0,"190":0,"191":0,"192":0,"193":0,"194":0,"195":0,"196":0,"197":0,"198":0,"199":0,"200":0,"201":0,"202":0,"203":0,"204":0,"205":0,"206":0,"207":0,"208":0,"209":0,"210":0,"211":0,"212":0,"213":0,"214":0,"215":0,"216":0,"217":0,"218":0,"219":0,"220":0,"221":0,"222":0,"223":0,"224":0,"225":0,"226":0,"227":0,"228":0,"229":0,"230":0,"231":0,"232":0,"233":0,"234":0,"235":0,"236":0,"237":0,"238":0,"239":0,"240":0,"241":0,"242":0,"243":0,"244":0,"245":0,"246":0,"247":0,"248":0,"249":0},"f":{"0":0,"1":0,"2":0,"3":0,"4":0,"5":0,"6":0,"7":0,"8":0,"9":0,"10":0,"11":0,"12":0,"13":0,"14":0,"15":0,"16":0,"17":0,"18":0,"19":0,"20":0,"21":0,"22":0,"23":0,"24":0,"25":0,"26":0,"27":0},"b":{"0":[0,0],"1":[0,0],"2":[0,0],"3":[0,0],"4":[0,0],"5":[0,0],"6":[0,0],"7":[0,0],"8":[0,0],"9":[0,0],"10":[0,0],"11":[0,0],"12":[0,0],"13":[0,0],"14":[0,0],"15":[0,0],"16":[0,0],"17":[0,0],"18":[0,0],"19":[0,0],"20":[0,0],"21":[0,0],"22":[0,0],"23":[0,0],"24":[0,0],"25":[0,0],"26":[0,0],"27":[0,0],"28":[0,0],"29":[0,0],"30":[0,0],"31":[0,0],"32":[0,0],"33":[0,0],"34":[0,0],"35":[0,0],"36":[0,0],"37":[0,0],"38":[0,0],"39":[0,0],"40":[0,0],"41":[0,0],"42":[0,0],"43":[0,0],"44":[0,0],"45":[0,0]}}
,"D:\\EduStream\\edu-stream\\backend\\routes\\forum.js": {"path":"D:\\EduStream\\edu-stream\\backend\\routes\\forum.js","statementMap":{"0":{"start":{"line":1,"column":13},"end":{"line":1,"column":28}},"1":{"start":{"line":2,"column":11},"end":{"line":2,"column":24}},"2":{"start":{"line":3,"column":17},"end":{"line":3,"column":36}},"3":{"start":{"line":4,"column":16},"end":{"line":4,"column":34}},"4":{"start":{"line":5,"column":15},"end":{"line":5,"column":32}},"5":{"start":{"line":6,"column":20},"end":{"line":6,"column":52}},"6":{"start":{"line":7,"column":19},"end":{"line":7,"column":50}},"7":{"start":{"line":8,"column":21},"end":{"line":8,"column":54}},"8":{"start":{"line":9,"column":36},"end":{"line":9,"column":65}},"9":{"start":{"line":11,"column":15},"end":{"line":11,"column":31}},"10":{"start":{"line":13,"column":23},"end":{"line":13,"column":69}},"11":{"start":{"line":14,"column":0},"end":{"line":14,"column":86}},"12":{"start":{"line":14,"column":36},"end":{"line":14,"column":86}},"13":{"start":{"line":15,"column":21},"end":{"line":18,"column":2}},"14":{"start":{"line":16,"column":34},"end":{"line":16,"column":58}},"15":{"start":{"line":17,"column":31},"end":{"line":17,"column":77}},"16":{"start":{"line":19,"column":20},"end":{"line":23,"column":2}},"17":{"start":{"line":22,"column":33},"end":{"line":22,"column":47}},"18":{"start":{"line":63,"column":0},"end":{"line":88,"column":3}},"19":{"start":{"line":64,"column":2},"end":{"line":87,"column":3}},"20":{"start":{"line":65,"column":63},"end":{"line":65,"column":72}},"21":{"start":{"line":66,"column":19},"end":{"line":66,"column":21}},"22":{"start":{"line":67,"column":4},"end":{"line":67,"column":39}},"23":{"start":{"line":67,"column":16},"end":{"line":67,"column":39}},"24":{"start":{"line":68,"column":4},"end":{"line":68,"column":31}},"25":{"start":{"line":68,"column":13},"end":{"line":68,"column":31}},"26":{"start":{"line":69,"column":4},"end":{"line":69,"column":52}},"27":{"start":{"line":69,"column":29},"end":{"line":69,"column":52}},"28":{"start":{"line":70,"column":4},"end":{"line":70,"column":54}},"29":{"start":{"line":70,"column":30},"end":{"line":70,"column":54}},"30":{"start":{"line":71,"column":4},"end":{"line":71,"column":42}},"31":{"start":{"line":71,"column":17},"end":{"line":71,"column":42}},"32":{"start":{"line":72,"column":4},"end":{"line":78,"column":5}},"33":{"start":{"line":73,"column":6},"end":{"line":77,"column":8}},"34":{"start":{"line":79,"column":4},"end":{"line":82,"column":5}},"35":{"start":{"line":80,"column":19},"end":{"line":80,"column":114}},"36":{"start":{"line":81,"column":6},"end":{"line":81,"column":44}},"37":{"start":{"line":81,"column":16},"end":{"line":81,"column":44}},"38":{"start":{"line":83,"column":20},"end":{"line":83,"column":141}},"39":{"start":{"line":84,"column":4},"end":{"line":84,"column":22}},"40":{"start":{"line":86,"column":4},"end":{"line":86,"column":53}},"41":{"start":{"line":90,"column":0},"end":{"line":99,"column":3}},"42":{"start":{"line":91,"column":2},"end":{"line":98,"column":3}},"43":{"start":{"line":92,"column":19},"end":{"line":92,"column":115}},"44":{"start":{"line":93,"column":4},"end":{"line":93,"column":78}},"45":{"start":{"line":93,"column":17},"end":{"line":93,"column":78}},"46":{"start":{"line":94,"column":20},"end":{"line":94,"column":147}},"47":{"start":{"line":95,"column":4},"end":{"line":95,"column":34}},"48":{"start":{"line":97,"column":4},"end":{"line":97,"column":53}},"49":{"start":{"line":101,"column":0},"end":{"line":108,"column":3}},"50":{"start":{"line":102,"column":2},"end":{"line":107,"column":3}},"51":{"start":{"line":103,"column":19},"end":{"line":103,"column":85}},"52":{"start":{"line":104,"column":4},"end":{"line":104,"column":33}},"53":{"start":{"line":106,"column":4},"end":{"line":106,"column":53}},"54":{"start":{"line":110,"column":0},"end":{"line":113,"column":3}},"55":{"start":{"line":111,"column":2},"end":{"line":111,"column":78}},"56":{"start":{"line":111,"column":17},"end":{"line":111,"column":78}},"57":{"start":{"line":112,"column":2},"end":{"line":112,"column":88}},"58":{"start":{"line":115,"column":0},"end":{"line":128,"column":3}},"59":{"start":{"line":116,"column":2},"end":{"line":127,"column":3}},"60":{"start":{"line":117,"column":19},"end":{"line":117,"column":60}},"61":{"start":{"line":118,"column":4},"end":{"line":118,"column":78}},"62":{"start":{"line":118,"column":17},"end":{"line":118,"column":78}},"63":{"start":{"line":119,"column":4},"end":{"line":121,"column":5}},"64":{"start":{"line":120,"column":6},"end":{"line":120,"column":65}},"65":{"start":{"line":122,"column":4},"end":{"line":122,"column":36}},"66":{"start":{"line":123,"column":4},"end":{"line":123,"column":24}},"67":{"start":{"line":124,"column":4},"end":{"line":124,"column":21}},"68":{"start":{"line":126,"column":4},"end":{"line":126,"column":53}},"69":{"start":{"line":130,"column":0},"end":{"line":138,"column":3}},"70":{"start":{"line":131,"column":2},"end":{"line":137,"column":3}},"71":{"start":{"line":132,"column":4},"end":{"line":132,"column":55}},"72":{"start":{"line":133,"column":4},"end":{"line":133,"column":62}},"73":{"start":{"line":134,"column":4},"end":{"line":134,"column":44}},"74":{"start":{"line":136,"column":4},"end":{"line":136,"column":53}},"75":{"start":{"line":140,"column":0},"end":{"line":147,"column":3}},"76":{"start":{"line":141,"column":2},"end":{"line":146,"column":3}},"77":{"start":{"line":142,"column":19},"end":{"line":142,"column":131}},"78":{"start":{"line":143,"column":4},"end":{"line":143,"column":21}},"79":{"start":{"line":145,"column":4},"end":{"line":145,"column":53}},"80":{"start":{"line":149,"column":0},"end":{"line":172,"column":3}},"81":{"start":{"line":150,"column":2},"end":{"line":171,"column":3}},"82":{"start":{"line":151,"column":18},"end":{"line":151,"column":165}},"83":{"start":{"line":152,"column":4},"end":{"line":152,"column":85}},"84":{"start":{"line":153,"column":19},"end":{"line":153,"column":60}},"85":{"start":{"line":154,"column":4},"end":{"line":166,"column":5}},"86":{"start":{"line":155,"column":20},"end":{"line":163,"column":8}},"87":{"start":{"line":164,"column":17},"end":{"line":164,"column":34}},"88":{"start":{"line":165,"column":6},"end":{"line":165,"column":76}},"89":{"start":{"line":165,"column":14},"end":{"line":165,"column":76}},"90":{"start":{"line":167,"column":4},"end":{"line":167,"column":71}},"91":{"start":{"line":168,"column":4},"end":{"line":168,"column":32}},"92":{"start":{"line":170,"column":4},"end":{"line":170,"column":53}},"93":{"start":{"line":174,"column":0},"end":{"lin
[...]
nd":{"line":103,"column":38}},"loc":{"start":{"line":103,"column":42},"end":{"line":103,"column":64}},"line":103},"10":{"name":"(anonymous_10)","decl":{"start":{"line":104,"column":38},"end":{"line":104,"column":39}},"loc":{"start":{"line":104,"column":43},"end":{"line":104,"column":66}},"line":104},"11":{"name":"(anonymous_11)","decl":{"start":{"line":113,"column":57},"end":{"line":113,"column":58}},"loc":{"start":{"line":113,"column":77},"end":{"line":125,"column":1}},"line":113},"12":{"name":"(anonymous_12)","decl":{"start":{"line":127,"column":56},"end":{"line":127,"column":57}},"loc":{"start":{"line":127,"column":76},"end":{"line":148,"column":1}},"line":127},"13":{"name":"(anonymous_13)","decl":{"start":{"line":150,"column":61},"end":{"line":150,"column":62}},"loc":{"start":{"line":150,"column":81},"end":{"line":160,"column":1}},"line":150}},"branchMap":{"0":{"loc":{"start":{"line":15,"column":4},"end":{"line":15,"column":33}},"type":"if","locations":[{"start":{"line":15,"column":4},"end":{"line":15,"column":33}},{"start":{},"end":{}}],"line":15},"1":{"loc":{"start":{"line":16,"column":4},"end":{"line":16,"column":60}},"type":"if","locations":[{"start":{"line":16,"column":4},"end":{"line":16,"column":60}},{"start":{},"end":{}}],"line":16},"2":{"loc":{"start":{"line":29,"column":6},"end":{"line":29,"column":68}},"type":"if","locations":[{"start":{"line":29,"column":6},"end":{"line":29,"column":68}},{"start":{},"end":{}}],"line":29},"3":{"loc":{"start":{"line":32,"column":4},"end":{"line":32,"column":74}},"type":"if","locations":[{"start":{"line":32,"column":4},"end":{"line":32,"column":74}},{"start":{},"end":{}}],"line":32},"4":{"loc":{"start":{"line":60,"column":4},"end":{"line":60,"column":74}},"type":"if","locations":[{"start":{"line":60,"column":4},"end":{"line":60,"column":74}},{"start":{},"end":{}}],"line":60},"5":{"loc":{"start":{"line":70,"column":4},"end":{"line":70,"column":74}},"type":"if","locations":[{"start":{"line":70,"column":4},"end":{"line":70,"column":74}},{"start":{},"end":{}}],"line":70},"6":{"loc":{"start":{"line":106,"column":29},"end":{"line":106,"column":58}},"type":"binary-expr","locations":[{"start":{"line":106,"column":29},"end":{"line":106,"column":53}},{"start":{"line":106,"column":57},"end":{"line":106,"column":58}}],"line":106},"7":{"loc":{"start":{"line":116,"column":4},"end":{"line":116,"column":117}},"type":"if","locations":[{"start":{"line":116,"column":4},"end":{"line":116,"column":117}},{"start":{},"end":{}}],"line":116},"8":{"loc":{"start":{"line":116,"column":8},"end":{"line":116,"column":36}},"type":"binary-expr","locations":[{"start":{"line":116,"column":8},"end":{"line":116,"column":13}},{"start":{"line":116,"column":17},"end":{"line":116,"column":23}},{"start":{"line":116,"column":27},"end":{"line":116,"column":36}}],"line":116},"9":{"loc":{"start":{"line":118,"column":4},"end":{"line":118,"column":85}},"type":"if","locations":[{"start":{"line":118,"column":4},"end":{"line":118,"column":85}},{"start":{},"end":{}}],"line":118},"10":{"loc":{"start":{"line":119,"column":81},"end":{"line":119,"column":98}},"type":"binary-expr","locations":[{"start":{"line":119,"column":81},"end":{"line":119,"column":85}},{"start":{"line":119,"column":89},"end":{"line":119,"column":98}}],"line":119},"11":{"loc":{"start":{"line":130,"column":4},"end":{"line":130,"column":74}},"type":"if","locations":[{"start":{"line":130,"column":4},"end":{"line":130,"column":74}},{"start":{},"end":{}}],"line":130},"12":{"loc":{"start":{"line":131,"column":4},"end":{"line":131,"column":104}},"type":"if","locations":[{"start":{"line":131,"column":4},"end":{"line":131,"column":104}},{"start":{},"end":{}}],"line":131},"13":{"loc":{"start":{"line":154,"column":4},"end":{"line":154,"column":33}},"type":"if","locations":[{"start":{"line":154,"column":4},"end":{"line":154,"column":33}},{"start":{},"end":{}}],"line":154}},"s":{"0":0,"1":0,"2":0,"3":0,"4":0,"5":0,"6":0,"7":0,"8":0,"9":0,"10":0,"11":0,"12":0,"13":0,"14":0,"15":0,"16":0,"17":0,"18":0,"19":0,"20":0,"21":0,"22":0,"23":0,"24":0,"25":0,"26":0,"27":0,"28":0,"29":0,"30":0,"31":0,"32":0,"33":0,"34":0,"35":0,"36":0,"37":0,"38":0,"39":0,"40":0,"41":0,"42":0,"43":0,"44":0,"45":0,"46":0,"47":0,"48":0,"49":0,"50":0,"51":0,"52":0,"53":0,"54":0,"55":0,"56":0,"57":0,"58":0,"59":0,"60":0,"61":0,"62":0,"63":0,"64":0,"65":0,"66":0,"67":0,"68":0,"69":0,"70":0,"71":0,"72":0,"73":0,"74":0,"75":0,"76":0,"77":0,"78":0,"79":0,"80":0,"81":0,"82":0,"83":0,"84":0,"85":0,"86":0,"87":0,"88":0,"89":0,"90":0,"91":0,"92":0,"93":0,"94":0,"95":0,"96":0,"97":0,"98":0,"99":0,"100":0,"101":0,"102":0,"103":0,"104":0,"105":0,"106":0,"107":0,"108":0,"109":0,"110":0,"111":0,"112":0,"113":0,"114":0,"115":0,"116":0,"117":0,"118":0,"119":0},"f":{"0":0,"1":0,"2":0,"3":0,"4":0,"5":0,"6":0,"7":0,"8":0,"9":0,"10":0,"11":0,"12":0,"13":0},"b":{"0":[0,0],"1":[0,0],"2":[0,0],"3":[0,0],"4":[0,0],"5":[0,0],"6":[0,0],"7":[0,0],"8":[0,0,0],"9":[0,0],"10":[0,0],"11":[0,0],"12":[0,0],"13":[0,0]}}
,"D:\\EduStream\\edu-stream\\backend\\services\\auditLogger.js": {"path":"D:\\EduStream\\edu-stream\\backend\\services\\auditLogger.js","statementMap":{"0":{"start":{"line":1,"column":17},"end":{"line":1,"column":46}},"1":{"start":{"line":3,"column":18},"end":{"line":9,"column":1}},"2":{"start":{"line":4,"column":2},"end":{"line":8,"column":3}},"3":{"start":{"line":5,"column":4},"end":{"line":5,"column":100}},"4":{"start":{"line":7,"column":4},"end":{"line":7,"column":53}},"5":{"start":{"line":11,"column":0},"end":{"line":11,"column":31}}},"fnMap":{"0":{"name":"(anonymous_0)","decl":{"start":{"line":3,"column":18},"end":{"line":3,"column":19}},"loc":{"start":{"line":3,"column":102},"end":{"line":9,"column":1}},"line":3}},"branchMap":{},"s":{"0":0,"1":0,"2":0,"3":0,"4":0,"5":0},"f":{"0":0},"b":{}}
,"D:\\EduStream\\edu-stream\\backend\\services\\email.js": {"path":"D:\\EduStream\\edu-stream\\backend\\services\\email.js","statementMap":{"0":{"start":{"line":1,"column":19},"end":{"line":1,"column":40}},"1":{"start":{"line":3,"column":20},"end":{"line":11,"column":2}},"2":{"start":{"line":13,"column":18},"end":{"line":29,"column":1}},"3":{"start":{"line":14,"column":2},"end":{"line":17,"column":3}},"4":{"start":{"line":15,"column":4},"end":{"line":15,"column":63}},"5":{"start":{"line":16,"column":4},"end":{"line":16,"column":11}},"6":{"start":{"line":18,"column":2},"end":{"line":28,"column":3}},"7":{"start":{"line":19,"column":4},"end":{"line":24,"column":7}},"8":{"start":{"line":25,"column":4},"end":{"line":25,"column":63}},"9":{"start":{"line":27,"column":4},"end":{"line":27,"column":50}},"10":{"start":{"line":31,"column":31},"end":{"line":44,"column":1}},"11":{"start":{"line":32,"column":2},"end":{"line":43,"column":5}},"12":{"start":{"line":46,"column":30},"end":{"line":59,"column":1}},"13":{"start":{"line":47,"column":2},"end":{"line":58,"column":5}},"14":{"start":{"line":61,"column":0},"end":{"line":61,"column":78}}},"fnMap":{"0":{"name":"(anonymous_0)","decl":{"start":{"line":13,"column":18},"end":{"line":13,"column":19}},"loc":{"start":{"line":13,"column":51},"end":{"line":29,"column":1}},"line":13},"1":{"name":"(anonymous_1)","decl":{"start":{"line":31,"column":31},"end":{"line":31,"column":32}},"loc":{"start":{"line":31,"column":58},"end":{"line":44,"column":1}},"line":31},"2":{"name":"(anonymous_2)","decl":{"start":{"line":46,"column":30},"end":{"line":46,"column":31}},"loc":{"start":{"line":46,"column":83},"end":{"line":59,"column":1}},"line":46}},"branchMap":{"0":{"loc":{"start":{"line":4,"column":8},"end":{"line":4,"column":54}},"type":"binary-expr","locations":[{"start":{"line":4,"column":8},"end":{"line":4,"column":29}},{"start":{"line":4,"column":33},"end":{"line":4,"column":54}}],"line":4},"1":{"loc":{"start":{"line":5,"column":8},"end":{"line":5,"column":46}},"type":"binary-expr","locations":[{"start":{"line":5,"column":8},"end":{"line":5,"column":39}},{"start":{"line":5,"column":43},"end":{"line":5,"column":46}}],"line":5},"2":{"loc":{"start":{"line":14,"column":2},"end":{"line":17,"column":3}},"type":"if","locations":[{"start":{"line":14,"column":2},"end":{"line":17,"column":3}},{"start":{},"end":{}}],"line":14},"3":{"loc":{"start":{"line":14,"column":6},"end":{"line":14,"column":54}},"type":"binary-expr","locations":[{"start":{"line":14,"column":6},"end":{"line":14,"column":28}},{"start":{"line":14,"column":32},"end":{"line":14,"column":54}}],"line":14},"4":{"loc":{"start":{"line":20,"column":12},"end":{"line":20,"column":74}},"type":"binary-expr","locations":[{"start":{"line":20,"column":12},"end":{"line":20,"column":33}},{"start":{"line":20,"column":37},"end":{"line":20,"column":74}}],"line":20},"5":{"loc":{"start":{"line":54,"column":10},"end":{"line":54,"column":217}},"type":"cond-expr","locations":[{"start":{"line":54,"column":31},"end":{"line":54,"column":212}},{"start":{"line":54,"column":215},"end":{"line":54,"column":217}}],"line":54},"6":{"loc":{"start":{"line":54,"column":10},"end":{"line":54,"column":28}},"type":"binary-expr","locations":[{"start":{"line":54,"column":10},"end":{"line":54,"column":18}},{"start":{"line":54,"column":22},"end":{"line":54,"column":28}}],"line":54}},"s":{"0":0,"1":0,"2":0,"3":0,"4":0,"5":0,"6":0,"7":0,"8":0,"9":0,"10":0,"11":0,"12":0,"13":0,"14":0},"f":{"0":0,"1":0,"2":0},"b":{"0":[0,0],"1":[0,0],"2":[0,0],"3":[0,0],"4":[0,0],"5":[0,0],"6":[0,0]}}
,"D:\\EduStream\\edu-stream\\backend\\services\\ollama.js": {"path":"D:\\EduStream\\edu-stream\\backend\\services\\ollama.js","statementMap":{"0":{"start":{"line":1,"column":14},"end":{"line":1,"column":30}},"1":{"start":{"line":2,"column":23},"end":{"line":2,"column":53}},"2":{"start":{"line":3,"column":13},"end":{"line":3,"column":28}},"3":{"start":{"line":5,"column":29},"end":{"line":6,"column":79}},"4":{"start":{"line":8,"column":19},"end":{"line":8,"column":80}},"5":{"start":{"line":9,"column":14},"end":{"line":9,"column":60}},"6":{"start":{"line":10,"column":17},"end":{"line":10,"column":67}},"7":{"start":{"line":12,"column":18},"end":{"line":12,"column":22}},"8":{"start":{"line":13,"column":18},"end":{"line":13,"column":19}},"9":{"start":{"line":15,"column":23},"end":{"line":27,"column":1}},"10":{"start":{"line":16,"column":2},"end":{"line":16,"column":66}},"11":{"start":{"line":16,"column":47},"end":{"line":16,"column":66}},"12":{"start":{"line":17,"column":15},"end":{"line":20,"column":4}},"13":{"start":{"line":21,"column":17},"end":{"line":21,"column":39}},"14":{"start":{"line":22,"column":16},"end":{"line":22,"column":45}},"15":{"start":{"line":23,"column":2},"end":{"line":23,"column":28}},"16":{"start":{"line":24,"column":20},"end":{"line":24,"column":55}},"17":{"start":{"line":25,"column":2},"end":{"line":25,"column":53}},"18":{"start":{"line":26,"column":2},"end":{"line":26,"column":21}},"19":{"start":{"line":29,"column":19},"end":{"line":48,"column":1}},"20":{"start":{"line":30,"column":2},"end":{"line":47,"column":3}},"21":{"start":{"line":31,"column":18},"end":{"line":31,"column":40}},"22":{"start":{"line":32,"column":16},"end":{"line":32,"column":61}},"23":{"start":{"line":34,"column":17},"end":{"line":34,"column":92}},"24":{"start":{"line":35,"column":4},"end":{"line":35,"column":93}},"25":{"start":{"line":35,"column":27},"end":{"line":35,"column":93}},"26":{"start":{"line":37,"column":21},"end":{"line":40,"column":6}},"27":{"start":{"line":42,"column":4},"end":{"line":42,"column":61}},"28":{"start":{"line":44,"column":4},"end":{"line":44,"column":54}},"29":{"start":{"line":45,"column":4},"end":{"line":45,"column":132}},"30":{"start":{"line":45,"column":24},"end":{"line":45,"column":132}},"31":{"start":{"line":46,"column":4},"end":{"line":46,"column":46}},"32":{"start":{"line":50,"column":24},"end":{"line":53,"column":2}},"33":{"start":{"line":50,"column":41},"end":{"line":53,"column":1}},"34":{"start":{"line":55,"column":23},"end":{"line":61,"column":1}},"35":{"start":{"line":56,"column":23},"end":{"line":56,"column":92}},"36":{"start":{"line":57,"column":21},"end":{"line":57,"column":38}},"37":{"start":{"line":58,"column":2},"end":{"line":58,"column":44}},"38":{"start":{"line":58,"column":29},"end":{"line":58,"column":44}},"39":{"start":{"line":59,"column":2},"end":{"line":59,"column":45}},"40":{"start":{"line":59,"column":31},"end":{"line":59,"column":45}},"41":{"start":{"line":60,"column":2},"end":{"line":60,"column":19}},"42":{"start":{"line":63,"column":24},"end":{"line":67,"column":1}},"43":{"start":{"line":64,"column":18},"end":{"line":64,"column":77}},"44":{"start":{"line":65,"column":17},"end":{"line":65,"column":195}},"45":{"start":{"line":66,"column":2},"end":{"line":66,"column":61}},"46":{"start":{"line":69,"column":26},"end":{"line":77,"column":1}},"47":{"start":{"line":70,"column":17},"end":{"line":70,"column":357}},"48":{"start":{"line":71,"column":19},"end":{"line":71,"column":109}},"49":{"start":{"line":72,"column":2},"end":{"line":76,"column":3}},"50":{"start":{"line":73,"column":4},"end":{"line":73,"column":67}},"51":{"start":{"line":75,"column":4},"end":{"line":75,"column":98}},"52":{"start":{"line":79,"column":20},"end":{"line":87,"column":1}},"53":{"start":{"line":80,"column":17},"end":{"line":80,"column":155}},"54":{"start":{"line":81,"column":19},"end":{"line":81,"column":158}},"55":{"start":{"line":82,"column":2},"end":{"line":86,"column":3}},"56":{"start":{"line":83,"column":4},"end":{"line":83,"column":67}},"57":{"start":{"line":85,"column":4},"end":{"line":85,"column":66}},"58":{"start":{"line":85,"column":40},"end":{"line":85,"column":48}},"59":{"start":{"line":89,"column":19},"end":{"line":102,"column":1}},"60":{"start":{"line":90,"column":23},"end":{"line":90,"column":46}},"61":{"start":{"line":91,"column":17},"end":{"line":96,"column":41}},"62":{"start":{"line":98,"column":19},"end":{"line":98,"column":71}},"63":{"start":{"line":98,"column":36},"end":{"line":98,"column":70}},"64":{"start":{"line":99,"column":2},"end":{"line":99,"column":50}},"65":{"start":{"line":101,"column":2},"end":{"line":101,"column":38}},"66":{"start":{"line":104,"column":0},"end":{"line":104,"column":93}}},"fnMap":{"0":{"name":"(anonymous_0)","decl":{"start":{"line":15,"column":23},"end":{"line":15,"column":24}},"loc":{"start":{"line":15,"column":35},"end":{"line":27,"column":1}},"line":15},"1":{"name":"(anonymous_1)","decl":{"start":{"line":29,"column":19},"end":{"line":29,"column":20}},"loc":{"start":{"line":29,"column":63},"end":{"line":48,"column":1}},"line":29},"2":{"name":"(anonymous_2)","decl":{"start":{"line":50,"column":24},"end":{"line":50,"column":25}},"loc":{"start":{"line":50,"column":41},"end":{"line":53,"column":1}},"line":50},"3":{"name":"(anonymous_3)","decl":{"start":{"line":55,"column":23},"end":{"line":55,"column":24}},"loc":{"start":{"line":55,"column":33},"end":{"line":61,"column":1}},"line":55},"4":{"name":"(anonymous_4)","decl":{"start":{"line":63,"column":24},"end":{"line":63,"column":25}},"loc":{"start":{"line":63,"column":52},"end":{"line":67,"column":1}},"line":63},"5":{"name":"(anonymous_5)","decl":{"start":{"line":69,"column":26},"end":{"line":69,"column":27}},"loc":{"start":{"line":69,"column":42},"end":{"line":77,"column":1}},"line":69},"6":{"name":"(anonymous_6)","decl":{"start":{"line":79,"column":20},"end":{"line":79,"column":21}},"loc":{"start":{"line":79,"column":50},"end":{"line":87,"column":1}},"line":79},"7":{"name":"(anonymous_7)","decl":{"start":{"line":85,"column":35},"end":{"line":85,"column":36}},"loc":{"start":{"line":85,"column":40},"end":{"line":85,"column":48}},"line":85},"8":{"name":"(anonymous_8)","decl":{"start":{"line":89,"column":19},"end":{"line":89,"column":20}},"loc":{"start":{"line":89,"column":52},"end":{"line":102,"column":1}},"line":89},"9":{"name":"(anonymous_9)","decl":{"start":{"line":98,"column":31},"end":{"line":98,"column":32}},"loc":{"start":{"line":98,"column":36},"end":{"line":98,"column":70}},"line":98}},"branchMap":{"0":{"loc":{"start":{"line":5,"column":29},"end":{"line":6,"column":79}},"type":"binary-expr","locations":[{"start":{"line":5,"column":29},"end":{"line":5,"column":71}},{"start":{"line":6,"column":2},"end":{"line":6,"column":79}}],"line":5},"1":{"loc":{"start":{"line":8,"column":19},"end":{"line":8,"column":80}},"type":"binary-expr","locations":[{"start":{"line":8,"column":19},"end":{"line":8,"column":48}},{"start":{"line":8,"column":52},"end":{"line":8,"column":80}}],"line":8},"2":{"loc":{"start":{"line":9,"column":14},"end":{"line":9,"column":60}},"type":"binary-expr","locations":[{"start":{"line":9,"column":14},"end":{"line":9,"column":38}},{"start":{"line":9,"column":42},"end":{"line":9,"column":60}}],"line":9},"3":{"loc":{"start":{"line":16,"column":2},"end":{"line":16,"column":66}},"type":"if","locations":[{"start":{"line":16,"column":2},"end":{"line":16,"column":66}},{"start":{},"end":{}}],"line":16},"4":{"loc":{"start":{"line":16,"column":6},"end":{"line":16,"column":45}},"type":"binary-expr","locations":[{"start":{"line":16,"column":6},"end":{"line":16,"column":17}},{"start":{"line":16,"column":21},"end":{"line":16,"column":45}}],"line":16},"5":{"loc":{"start":{"line":24,"column":20},"end":{"line":24,"column":55}},"type":"binary-expr","locations":[{"start":{"line":24,"column":20},"end":{"line":24,"column":47}},{"start":{"line":24,"column":51},"end":{"line":24,"column":55}}],"line":24},"6":{"loc":{"start":{"line":29,"column":36},"end":{"line":29,"column":58}},"type":"default-arg","locations":[{"start":{"line":29,"column":56},"end":{"line":29,"column":58}}],"line":29},"7":{"loc":{"start":{"line":35,"column":4},"end":{"line":35,"column":93}},"type":"if","locations":[{"start":{"line":35,"column":4},"end":{"line":35,"column":93}},{"start":{},"end":{}}],"line":35},"8":{"loc":{"start":{"line":45,"column":4},"end":{"line":45,"column":132}},"type":"if","locations":[{"start":{"line":45,"column":4},"end":{"line":45,"column":132}},{"start":{},"end":{}}],"line":45},"9":{"loc":{"start":{"line":51,"column":8},"end":{"line":51,"column":84}},"type":"cond-expr","locations":[{"start":{"line":51,"column":68},"end":{"line":51,"column":75}},{"start":{"line":51,"column":78},"end":{"line":51,"column":84}}],"line":51},"10":{"loc":{"start":{"line":51,"column":8},"end":{"line":51,"column":65}},"type":"binary-expr","locations":[{"start":{"line":51,"column":8},"end":{"line":51,"column":21}},{"start":{"line":51,"column":25},"end":{"line":51,"column":45}},{"start":{"line":51,"column":49},"end":{"line":51,"column":65}}],"line":51},"11":{"loc":{"start":{"line":58,"column":2},"end":{"line":58,"column":44}},"type":"if","locations":[{"start":{"line":58,"column":2},"end":{"line":58,"column":44}},{"start":{},"end":{}}],"line":58},"12":{"loc":{"start":{"line":59,"column":2},"end":{"line":59,"column":45}},"type":"if","locations":[{"start":{"line":59,"column":2},"end":{"line":59,"column":45}},{"start":{},"end":{}}],"line":59},"13":{"loc":{"start":{"line":65,"column":95},"end":{"line":65,"column":127}},"type":"binary-expr","locations":[{"start":{"line":65,"column":95},"end":{"line":65,"column":114}},{"start":{"line":65,"column":118},"end":{"line":65,"column":127}}],"line":65},"14":{"loc":{"start":{"line":89,"column":35},"end":{"line":89,"column":47}},"type":"default-arg","locations":[{"start":{"line":89,"column":45},"end":{"line":89,"column":47}}],"line":89}},"s":{"0":0,"1":0,"2":0,"3":0,"4":0,"5":0,"6":0,"7":0,"8":0,"9":0,"10":0,"11":0,"12":0,"13":0,"14":0,"15":0,"16":0,"17":0,"18":0,"19":0,"20":0,"21":0,"22":0,"23":0,"24":0,"25":0,"26":0,"27":0,"28":0,"29":0,"30":0,"31":0,"32":0,"33":0,"34":0,"35":0,"36":0,"37":0,"38":0,"39":0,"40":0,"41":0,"42":0,"43":0,"44":0,"45":0,"46":0,"47":0,"48":0,"49":0,"50":0,"51":0,"52":0,"53":0,"54":0,"55":0,"56":0,"57":0,"58":0,"59":0,"60":0,"61":0,"62":0,"63":0,"64":0,"65":0,"66":0},"f":{"0":0,"1":0,"2":0,"3":0,"4":0,"5":0,"6":0,"7":0,"8":0,"9":0},"b":{"0":[0,0],"1":[0,0],"2":[0,0],"3":[0,0],"4":[0,0],"5":[0,0],"6":[0],"7":[0,0],"8":[0,0],"9":[0,0],"10":[0,0,0],"11":[0,0],"12":[0,0],"13":[0,0],"14":[0]}}
}
